[INFO] Scanning for projects...
[INFO] 
[INFO] -------------< sk.stuba.fei.uim.vsa:b-vsa-ls22-project1-C >-------------
[INFO] Building b-vsa-ls22-project1-C 1.0.0
[INFO] --------------------------------[ jar ]---------------------------------
[INFO] 
[INFO] --- maven-clean-plugin:2.5:clean (default-clean) @ b-vsa-ls22-project1-C ---
[INFO] Deleting C:\Users\mlado\Documents\Projects\School\VSA\LS 21-22\opravovanie\zadanie1\skupiny\skupinaC\samady22\target
[INFO] 
[INFO] --- maven-resources-plugin:2.6:resources (default-resources) @ b-vsa-ls22-project1-C ---
[INFO] Using 'UTF-8' encoding to copy filtered resources.
[INFO] Copying 1 resource
[INFO] 
[INFO] --- maven-compiler-plugin:3.1:compile (default-compile) @ b-vsa-ls22-project1-C ---
[INFO] Changes detected - recompiling the module!
[INFO] Compiling 13 source files to C:\Users\mlado\Documents\Projects\School\VSA\LS 21-22\opravovanie\zadanie1\skupiny\skupinaC\samady22\target\classes
[WARNING] /C:/Users/mlado/Documents/Projects/School/VSA/LS 21-22/opravovanie/zadanie1/skupiny/skupinaC/samady22/src/main/java/sk/stuba/fei/uim/vsa/pr1c/service/CarParkService.java: C:\Users\mlado\Documents\Projects\School\VSA\LS 21-22\opravovanie\zadanie1\skupiny\skupinaC\samady22\src\main\java\sk\stuba\fei\uim\vsa\pr1c\service\CarParkService.java uses unchecked or unsafe operations.
[WARNING] /C:/Users/mlado/Documents/Projects/School/VSA/LS 21-22/opravovanie/zadanie1/skupiny/skupinaC/samady22/src/main/java/sk/stuba/fei/uim/vsa/pr1c/service/CarParkService.java: Recompile with -Xlint:unchecked for details.
[INFO] 
[INFO] --- maven-resources-plugin:2.6:resources (default-resources) @ b-vsa-ls22-project1-C ---
[INFO] Using 'UTF-8' encoding to copy filtered resources.
[INFO] Copying 1 resource
[INFO] 
[INFO] --- maven-compiler-plugin:3.1:compile (default-compile) @ b-vsa-ls22-project1-C ---
[INFO] Nothing to compile - all classes are up to date
[INFO] 
[INFO] --- maven-resources-plugin:2.6:testResources (default-testResources) @ b-vsa-ls22-project1-C ---
[INFO] Using 'UTF-8' encoding to copy filtered resources.
[INFO] Copying 1 resource
[INFO] 
[INFO] --- maven-compiler-plugin:3.1:testCompile (default-testCompile) @ b-vsa-ls22-project1-C ---
[INFO] Changes detected - recompiling the module!
[INFO] Compiling 10 source files to C:\Users\mlado\Documents\Projects\School\VSA\LS 21-22\opravovanie\zadanie1\skupiny\skupinaC\samady22\target\test-classes
[INFO] 
[INFO] --- maven-surefire-plugin:2.22.2:test (default-test) @ b-vsa-ls22-project1-C ---
[INFO] 
[INFO] -------------------------------------------------------
[INFO]  T E S T S
[INFO] -------------------------------------------------------
[INFO] Running sk.stuba.fei.uim.vsa.pr1c.groupc.HolidayTest
[EL Info]: 2022-05-23 23:49:43.266--ServerSession(368342628)--EclipseLink, version: Eclipse Persistence Services - 2.7.10.v20211216-fe64cd39c3
[EL Fine]: sql: 2022-05-23 23:49:46.011--ServerSession(368342628)--Connection(802771878)--ALTER TABLE CAR_PARK_FLOOR DROP FOREIGN KEY FK_CAR_PARK_FLOOR_CARPARKID
[EL Fine]: sql: 2022-05-23 23:49:46.07--ServerSession(368342628)--SELECT 1
[EL Fine]: sql: 2022-05-23 23:49:46.073--ServerSession(368342628)--Connection(802771878)--ALTER TABLE PARKING_SPOT DROP FOREIGN KEY FK_PARKING_SPOT_FLOORIDENTIFIER
[EL Fine]: sql: 2022-05-23 23:49:46.075--ServerSession(368342628)--SELECT 1
[EL Fine]: sql: 2022-05-23 23:49:46.077--ServerSession(368342628)--Connection(802771878)--ALTER TABLE CAR DROP FOREIGN KEY FK_CAR_USERID
[EL Fine]: sql: 2022-05-23 23:49:46.08--ServerSession(368342628)--SELECT 1
[EL Fine]: sql: 2022-05-23 23:49:46.085--ServerSession(368342628)--Connection(802771878)--ALTER TABLE RESERVATION DROP FOREIGN KEY FK_RESERVATION_CARID
[EL Fine]: sql: 2022-05-23 23:49:46.089--ServerSession(368342628)--SELECT 1
[EL Fine]: sql: 2022-05-23 23:49:46.101--ServerSession(368342628)--Connection(802771878)--ALTER TABLE RESERVATION DROP FOREIGN KEY FK_RESERVATION_PARKINGSPOTID
[EL Fine]: sql: 2022-05-23 23:49:46.103--ServerSession(368342628)--SELECT 1
[EL Fine]: sql: 2022-05-23 23:49:46.106--ServerSession(368342628)--Connection(802771878)--DROP TABLE CAR_PARK
[EL Fine]: sql: 2022-05-23 23:49:46.109--ServerSession(368342628)--SELECT 1
[EL Fine]: sql: 2022-05-23 23:49:46.111--ServerSession(368342628)--Connection(802771878)--DROP TABLE CAR_PARK_FLOOR
[EL Fine]: sql: 2022-05-23 23:49:46.114--ServerSession(368342628)--SELECT 1
[EL Fine]: sql: 2022-05-23 23:49:46.119--ServerSession(368342628)--Connection(802771878)--DROP TABLE PARKING_SPOT
[EL Fine]: sql: 2022-05-23 23:49:46.128--ServerSession(368342628)--SELECT 1
[EL Fine]: sql: 2022-05-23 23:49:46.134--ServerSession(368342628)--Connection(802771878)--DROP TABLE USER
[EL Fine]: sql: 2022-05-23 23:49:46.138--ServerSession(368342628)--SELECT 1
[EL Fine]: sql: 2022-05-23 23:49:46.141--ServerSession(368342628)--Connection(802771878)--DROP TABLE CAR
[EL Fine]: sql: 2022-05-23 23:49:46.148--ServerSession(368342628)--SELECT 1
[EL Fine]: sql: 2022-05-23 23:49:46.155--ServerSession(368342628)--Connection(802771878)--DROP TABLE RESERVATION
[EL Fine]: sql: 2022-05-23 23:49:46.164--ServerSession(368342628)--SELECT 1
[EL Fine]: sql: 2022-05-23 23:49:46.17--ServerSession(368342628)--Connection(802771878)--DROP TABLE HOLIDAY
[EL Fine]: sql: 2022-05-23 23:49:46.173--ServerSession(368342628)--SELECT 1
[EL Fine]: sql: 2022-05-23 23:49:46.176--ServerSession(368342628)--Connection(802771878)--DROP TABLE CAR_PARK
[EL Fine]: sql: 2022-05-23 23:49:46.179--ServerSession(368342628)--SELECT 1
[EL Fine]: sql: 2022-05-23 23:49:46.187--ServerSession(368342628)--Connection(802771878)--DROP TABLE CAR_PARK_FLOOR
[EL Fine]: sql: 2022-05-23 23:49:46.193--ServerSession(368342628)--SELECT 1
[EL Fine]: sql: 2022-05-23 23:49:46.195--ServerSession(368342628)--Connection(802771878)--DROP TABLE PARKING_SPOT
[EL Fine]: sql: 2022-05-23 23:49:46.197--ServerSession(368342628)--SELECT 1
[EL Fine]: sql: 2022-05-23 23:49:46.199--ServerSession(368342628)--Connection(802771878)--DROP TABLE USER
[EL Fine]: sql: 2022-05-23 23:49:46.202--ServerSession(368342628)--SELECT 1
[EL Fine]: sql: 2022-05-23 23:49:46.204--ServerSession(368342628)--Connection(802771878)--DROP TABLE CAR
[EL Fine]: sql: 2022-05-23 23:49:46.207--ServerSession(368342628)--SELECT 1
[EL Fine]: sql: 2022-05-23 23:49:46.209--ServerSession(368342628)--Connection(802771878)--DROP TABLE RESERVATION
[EL Fine]: sql: 2022-05-23 23:49:46.211--ServerSession(368342628)--SELECT 1
[EL Fine]: sql: 2022-05-23 23:49:46.213--ServerSession(368342628)--Connection(802771878)--DROP TABLE HOLIDAY
[EL Fine]: sql: 2022-05-23 23:49:46.218--ServerSession(368342628)--SELECT 1
[EL Fine]: sql: 2022-05-23 23:49:46.221--ServerSession(368342628)--Connection(802771878)--DROP TABLE CAR_PARK
[EL Fine]: sql: 2022-05-23 23:49:46.226--ServerSession(368342628)--SELECT 1
[EL Fine]: sql: 2022-05-23 23:49:46.231--ServerSession(368342628)--Connection(802771878)--DROP TABLE CAR_PARK_FLOOR
[EL Fine]: sql: 2022-05-23 23:49:46.237--ServerSession(368342628)--SELECT 1
[EL Fine]: sql: 2022-05-23 23:49:46.238--ServerSession(368342628)--Connection(802771878)--DROP TABLE PARKING_SPOT
[EL Fine]: sql: 2022-05-23 23:49:46.24--ServerSession(368342628)--SELECT 1
[EL Fine]: sql: 2022-05-23 23:49:46.241--ServerSession(368342628)--Connection(802771878)--DROP TABLE USER
[EL Fine]: sql: 2022-05-23 23:49:46.243--ServerSession(368342628)--SELECT 1
[EL Fine]: sql: 2022-05-23 23:49:46.245--ServerSession(368342628)--Connection(802771878)--DROP TABLE CAR
[EL Fine]: sql: 2022-05-23 23:49:46.249--ServerSession(368342628)--SELECT 1
[EL Fine]: sql: 2022-05-23 23:49:46.254--ServerSession(368342628)--Connection(802771878)--DROP TABLE RESERVATION
[EL Fine]: sql: 2022-05-23 23:49:46.258--ServerSession(368342628)--SELECT 1
[EL Fine]: sql: 2022-05-23 23:49:46.264--ServerSession(368342628)--Connection(802771878)--DROP TABLE HOLIDAY
[EL Fine]: sql: 2022-05-23 23:49:46.27--ServerSession(368342628)--SELECT 1
[EL Fine]: sql: 2022-05-23 23:49:46.273--ServerSession(368342628)--Connection(802771878)--DROP TABLE CAR_PARK
[EL Fine]: sql: 2022-05-23 23:49:46.278--ServerSession(368342628)--SELECT 1
[EL Fine]: sql: 2022-05-23 23:49:46.283--ServerSession(368342628)--Connection(802771878)--DROP TABLE CAR_PARK_FLOOR
[EL Fine]: sql: 2022-05-23 23:49:46.289--ServerSession(368342628)--SELECT 1
[EL Fine]: sql: 2022-05-23 23:49:46.292--ServerSession(368342628)--Connection(802771878)--DROP TABLE PARKING_SPOT
[EL Fine]: sql: 2022-05-23 23:49:46.295--ServerSession(368342628)--SELECT 1
[EL Fine]: sql: 2022-05-23 23:49:46.298--ServerSession(368342628)--Connection(802771878)--DROP TABLE USER
[EL Fine]: sql: 2022-05-23 23:49:46.302--ServerSession(368342628)--SELECT 1
[EL Fine]: sql: 2022-05-23 23:49:46.306--ServerSession(368342628)--Connection(802771878)--DROP TABLE CAR
[EL Fine]: sql: 2022-05-23 23:49:46.31--ServerSession(368342628)--SELECT 1
[EL Fine]: sql: 2022-05-23 23:49:46.317--ServerSession(368342628)--Connection(802771878)--DROP TABLE RESERVATION
[EL Fine]: sql: 2022-05-23 23:49:46.32--ServerSession(368342628)--SELECT 1
[EL Fine]: sql: 2022-05-23 23:49:46.322--ServerSession(368342628)--Connection(802771878)--DROP TABLE HOLIDAY
[EL Fine]: sql: 2022-05-23 23:49:46.324--ServerSession(368342628)--SELECT 1
[EL Fine]: sql: 2022-05-23 23:49:46.325--ServerSession(368342628)--Connection(802771878)--DROP TABLE CAR_PARK
[EL Fine]: sql: 2022-05-23 23:49:46.329--ServerSession(368342628)--SELECT 1
[EL Fine]: sql: 2022-05-23 23:49:46.331--ServerSession(368342628)--Connection(802771878)--DROP TABLE CAR_PARK_FLOOR
[EL Fine]: sql: 2022-05-23 23:49:46.335--ServerSession(368342628)--SELECT 1
[EL Fine]: sql: 2022-05-23 23:49:46.338--ServerSession(368342628)--Connection(802771878)--DROP TABLE PARKING_SPOT
[EL Fine]: sql: 2022-05-23 23:49:46.342--ServerSession(368342628)--SELECT 1
[EL Fine]: sql: 2022-05-23 23:49:46.355--ServerSession(368342628)--Connection(802771878)--DROP TABLE USER
[EL Fine]: sql: 2022-05-23 23:49:46.357--ServerSession(368342628)--SELECT 1
[EL Fine]: sql: 2022-05-23 23:49:46.359--ServerSession(368342628)--Connection(802771878)--DROP TABLE CAR
[EL Fine]: sql: 2022-05-23 23:49:46.362--ServerSession(368342628)--SELECT 1
[EL Fine]: sql: 2022-05-23 23:49:46.365--ServerSession(368342628)--Connection(802771878)--DROP TABLE RESERVATION
[EL Fine]: sql: 2022-05-23 23:49:46.369--ServerSession(368342628)--SELECT 1
[EL Fine]: sql: 2022-05-23 23:49:46.372--ServerSession(368342628)--Connection(802771878)--DROP TABLE HOLIDAY
[EL Fine]: sql: 2022-05-23 23:49:46.378--ServerSession(368342628)--SELECT 1
[EL Fine]: sql: 2022-05-23 23:49:46.388--ServerSession(368342628)--Connection(802771878)--DELETE FROM SEQUENCE WHERE SEQ_NAME = 'SEQ_GEN'
[EL Fine]: sql: 2022-05-23 23:49:46.391--ServerSession(368342628)--SELECT 1
[EL Warning]: 2022-05-23 23:49:46.393--ServerSession(368342628)--Exception [EclipseLink-4002] (Eclipse Persistence Services - 2.7.10.v20211216-fe64cd39c3): org.eclipse.persistence.exceptions.DatabaseException
Internal Exception: com.mysql.jdbc.exceptions.jdbc4.MySQLSyntaxErrorException: Table 'VSA_PR1.SEQUENCE' doesn't exist
Error Code: 1146
Call: DELETE FROM SEQUENCE WHERE SEQ_NAME = 'SEQ_GEN'
Query: DataModifyQuery(sql="DELETE FROM SEQUENCE WHERE SEQ_NAME = 'SEQ_GEN'")
[EL Fine]: sql: 2022-05-23 23:49:46.409--ServerSession(368342628)--Connection(802771878)--CREATE TABLE CAR_PARK (CARPARKID BIGINT NOT NULL, ADDRESS VARCHAR(255), NAME VARCHAR(255) NOT NULL UNIQUE, PRICEPERHOUR INTEGER, PRIMARY KEY (CARPARKID))
[EL Fine]: sql: 2022-05-23 23:49:46.467--ServerSession(368342628)--Connection(802771878)--CREATE TABLE CAR_PARK_FLOOR (FLOORIDENTIFIER VARCHAR(255) NOT NULL, CARPARKID BIGINT NOT NULL, PRIMARY KEY (FLOORIDENTIFIER, CARPARKID))
[EL Fine]: sql: 2022-05-23 23:49:46.505--ServerSession(368342628)--Connection(802771878)--CREATE TABLE PARKING_SPOT (PARKINGSPOTID BIGINT NOT NULL, SPOTIDENTIFIER VARCHAR(255), FLOORIDENTIFIER VARCHAR(255), CARPARID BIGINT, PRIMARY KEY (PARKINGSPOTID))
[EL Fine]: sql: 2022-05-23 23:49:46.535--ServerSession(368342628)--Connection(802771878)--CREATE TABLE USER (USERID BIGINT NOT NULL, EMAIL VARCHAR(255) UNIQUE, FIRSTNAME VARCHAR(255), LASTNAME VARCHAR(255), PRIMARY KEY (USERID))
[EL Fine]: sql: 2022-05-23 23:49:46.577--ServerSession(368342628)--Connection(802771878)--CREATE TABLE CAR (CARID BIGINT NOT NULL, BRAND VARCHAR(255), COLOR VARCHAR(255), MODEL VARCHAR(255), VEHICLEREGISTRATIONPLATE VARCHAR(255) NOT NULL UNIQUE, USERID BIGINT, PRIMARY KEY (CARID))
[EL Fine]: sql: 2022-05-23 23:49:46.629--ServerSession(368342628)--Connection(802771878)--CREATE TABLE RESERVATION (RESERVATIONID BIGINT NOT NULL, ENDDATE DATETIME, PRICE DOUBLE, STARTDATE DATETIME, CARID BIGINT, PARKINGSPOTID BIGINT, PRIMARY KEY (RESERVATIONID))
[EL Fine]: sql: 2022-05-23 23:49:46.696--ServerSession(368342628)--Connection(802771878)--CREATE TABLE HOLIDAY (ID BIGINT NOT NULL, DATE DATE, NAME VARCHAR(255), PRIMARY KEY (ID))
[EL Fine]: sql: 2022-05-23 23:49:46.726--ServerSession(368342628)--Connection(802771878)--ALTER TABLE CAR_PARK_FLOOR ADD CONSTRAINT FK_CAR_PARK_FLOOR_CARPARKID FOREIGN KEY (CARPARKID) REFERENCES CAR_PARK (CARPARKID)
[EL Fine]: sql: 2022-05-23 23:49:46.805--ServerSession(368342628)--Connection(802771878)--ALTER TABLE PARKING_SPOT ADD CONSTRAINT FK_PARKING_SPOT_FLOORIDENTIFIER FOREIGN KEY (FLOORIDENTIFIER, CARPARID) REFERENCES CAR_PARK_FLOOR (FLOORIDENTIFIER, CARPARKID)
[EL Fine]: sql: 2022-05-23 23:49:46.872--ServerSession(368342628)--Connection(802771878)--ALTER TABLE CAR ADD CONSTRAINT FK_CAR_USERID FOREIGN KEY (USERID) REFERENCES USER (USERID)
[EL Fine]: sql: 2022-05-23 23:49:46.939--ServerSession(368342628)--Connection(802771878)--ALTER TABLE RESERVATION ADD CONSTRAINT FK_RESERVATION_CARID FOREIGN KEY (CARID) REFERENCES CAR (CARID)
[EL Fine]: sql: 2022-05-23 23:49:47.024--ServerSession(368342628)--Connection(802771878)--ALTER TABLE RESERVATION ADD CONSTRAINT FK_RESERVATION_PARKINGSPOTID FOREIGN KEY (PARKINGSPOTID) REFERENCES PARKING_SPOT (PARKINGSPOTID)
[EL Fine]: sql: 2022-05-23 23:49:47.117--ServerSession(368342628)--Connection(802771878)--CREATE TABLE SEQUENCE (SEQ_NAME VARCHAR(50) NOT NULL, SEQ_COUNT DECIMAL(38), PRIMARY KEY (SEQ_NAME))
[EL Fine]: sql: 2022-05-23 23:49:47.148--ServerSession(368342628)--Connection(802771878)--SELECT * FROM SEQUENCE WHERE SEQ_NAME = 'SEQ_GEN'
[EL Fine]: sql: 2022-05-23 23:49:47.152--ServerSession(368342628)--Connection(802771878)--INSERT INTO SEQUENCE(SEQ_NAME, SEQ_COUNT) values ('SEQ_GEN', 0)
car park class: sk.stuba.fei.uim.vsa.pr1c.service.CarParkService
[EL Fine]: sql: 2022-05-23 23:49:47.559--ClientSession(1636291061)--Connection(802771878)--UPDATE SEQUENCE SET SEQ_COUNT = SEQ_COUNT + ? WHERE SEQ_NAME = ?
	bind => [50, SEQ_GEN]
[EL Fine]: sql: 2022-05-23 23:49:47.564--ClientSession(1636291061)--Connection(802771878)--SELECT SEQ_COUNT FROM SEQUENCE WHERE SEQ_NAME = ?
	bind => [SEQ_GEN]
[EL Fine]: sql: 2022-05-23 23:49:47.602--ClientSession(1636291061)--Connection(802771878)--INSERT INTO HOLIDAY (ID, DATE, NAME) VALUES (?, ?, ?)
	bind => [1, 2022-01-01, Novy rok]
[EL Fine]: sql: 2022-05-23 23:49:47.641--ClientSession(308889081)--Connection(802771878)--INSERT INTO HOLIDAY (ID, DATE, NAME) VALUES (?, ?, ?)
	bind => [2, 2022-05-08, Den matiek]
[EL Fine]: sql: 2022-05-23 23:49:48.621--ServerSession(368342628)--Connection(802771878)--SELECT ID, DATE, NAME FROM HOLIDAY
59
[EL Fine]: sql: 2022-05-23 23:49:48.924--ClientSession(1659309731)--Connection(802771878)--INSERT INTO HOLIDAY (ID, DATE, NAME) VALUES (?, ?, ?)
	bind => [3, 2022-01-01, Novy rok]
[EL Fine]: sql: 2022-05-23 23:49:48.984--ServerSession(368342628)--Connection(802771878)--SELECT ID, DATE, NAME FROM HOLIDAY WHERE (DATE = ?)
	bind => [2022-01-01]
[INFO] Tests run: 2, Failures: 0, Errors: 0, Skipped: 0, Time elapsed: 10.809 s - in sk.stuba.fei.uim.vsa.pr1c.groupc.HolidayTest
[INFO] Running sk.stuba.fei.uim.vsa.pr1c.tests.CarParkFloorTest
car park class: sk.stuba.fei.uim.vsa.pr1c.service.CarParkService
[EL Fine]: sql: 2022-05-23 23:49:49.568--ServerSession(368342628)--Connection(802771878)--SELECT CARPARKID, ADDRESS, NAME, PRICEPERHOUR FROM CAR_PARK
[EL Fine]: sql: 2022-05-23 23:49:49.578--ClientSession(293474277)--Connection(802771878)--INSERT INTO CAR_PARK (CARPARKID, ADDRESS, NAME, PRICEPERHOUR) VALUES (?, ?, ?, ?)
	bind => [4, Ulica 123, TestCarPark, 12]
[EL Fine]: sql: 2022-05-23 23:49:49.592--ServerSession(368342628)--Connection(802771878)--SELECT FLOORIDENTIFIER, CARPARKID FROM CAR_PARK_FLOOR
[EL Fine]: sql: 2022-05-23 23:49:49.62--ClientSession(479734028)--Connection(802771878)--INSERT INTO CAR_PARK_FLOOR (FLOORIDENTIFIER, CARPARKID) VALUES (?, ?)
	bind => [Floor 1-1, 4]
[EL Fine]: sql: 2022-05-23 23:49:50.097--ServerSession(368342628)--Connection(802771878)--SELECT CARPARKID, ADDRESS, NAME, PRICEPERHOUR FROM CAR_PARK
[EL Fine]: sql: 2022-05-23 23:49:50.105--ClientSession(61137731)--Connection(802771878)--INSERT INTO CAR_PARK (CARPARKID, ADDRESS, NAME, PRICEPERHOUR) VALUES (?, ?, ?, ?)
	bind => [5, Ulica 123, TestCarPark, 12]
[EL Fine]: sql: 2022-05-23 23:49:50.119--ServerSession(368342628)--Connection(802771878)--SELECT FLOORIDENTIFIER, CARPARKID FROM CAR_PARK_FLOOR
[EL Fine]: sql: 2022-05-23 23:49:50.126--ClientSession(1497268815)--Connection(802771878)--INSERT INTO CAR_PARK_FLOOR (FLOORIDENTIFIER, CARPARKID) VALUES (?, ?)
	bind => [Floor 1-1, 5]
[EL Fine]: sql: 2022-05-23 23:49:50.51--ServerSession(368342628)--Connection(802771878)--SELECT CARPARKID, ADDRESS, NAME, PRICEPERHOUR FROM CAR_PARK
[EL Fine]: sql: 2022-05-23 23:49:50.522--ClientSession(2019157894)--Connection(802771878)--INSERT INTO CAR_PARK (CARPARKID, ADDRESS, NAME, PRICEPERHOUR) VALUES (?, ?, ?, ?)
	bind => [6, Ulica 123, TestCarPark, 12]
[EL Fine]: sql: 2022-05-23 23:49:50.531--ServerSession(368342628)--Connection(802771878)--SELECT FLOORIDENTIFIER, CARPARKID FROM CAR_PARK_FLOOR
[EL Fine]: sql: 2022-05-23 23:49:50.544--ClientSession(1233505227)--Connection(802771878)--INSERT INTO CAR_PARK_FLOOR (FLOORIDENTIFIER, CARPARKID) VALUES (?, ?)
	bind => [Floor 1-1, 6]
[WARNING] Tests run: 3, Failures: 0, Errors: 0, Skipped: 3, Time elapsed: 1.448 s - in sk.stuba.fei.uim.vsa.pr1c.tests.CarParkFloorTest
[INFO] Running sk.stuba.fei.uim.vsa.pr1c.tests.CarParkTest
car park class: sk.stuba.fei.uim.vsa.pr1c.service.CarParkService
[EL Fine]: sql: 2022-05-23 23:49:51.058--ServerSession(368342628)--Connection(802771878)--SELECT CARPARKID, ADDRESS, NAME, PRICEPERHOUR FROM CAR_PARK
[EL Fine]: sql: 2022-05-23 23:49:51.066--ClientSession(1959708563)--Connection(802771878)--INSERT INTO CAR_PARK (CARPARKID, ADDRESS, NAME, PRICEPERHOUR) VALUES (?, ?, ?, ?)
	bind => [7, test11, DELETE-CAR-PARK-1, 10]
[EL Fine]: sql: 2022-05-23 23:49:51.081--ClientSession(701487403)--Connection(802771878)--DELETE FROM CAR_PARK WHERE (CARPARKID = ?)
	bind => [7]
[EL Fine]: sql: 2022-05-23 23:49:51.096--ServerSession(368342628)--Connection(802771878)--SELECT CARPARKID, ADDRESS, NAME, PRICEPERHOUR FROM CAR_PARK WHERE (CARPARKID = ?)
	bind => [7]
[EL Fine]: sql: 2022-05-23 23:49:51.345--ServerSession(368342628)--Connection(802771878)--SELECT CARPARKID, ADDRESS, NAME, PRICEPERHOUR FROM CAR_PARK
[EL Fine]: sql: 2022-05-23 23:49:51.348--ClientSession(1264674474)--Connection(802771878)--INSERT INTO CAR_PARK (CARPARKID, ADDRESS, NAME, PRICEPERHOUR) VALUES (?, ?, ?, ?)
	bind => [8, testtest, test2, 12]
[EL Fine]: sql: 2022-05-23 23:49:51.354--ServerSession(368342628)--Connection(802771878)--SELECT CARPARKID, ADDRESS, NAME, PRICEPERHOUR FROM CAR_PARK
[EL Fine]: sql: 2022-05-23 23:49:51.598--ServerSession(368342628)--Connection(802771878)--SELECT CARPARKID, ADDRESS, NAME, PRICEPERHOUR FROM CAR_PARK
[EL Fine]: sql: 2022-05-23 23:49:51.603--ClientSession(559050604)--Connection(802771878)--INSERT INTO CAR_PARK (CARPARKID, ADDRESS, NAME, PRICEPERHOUR) VALUES (?, ?, ?, ?)
	bind => [9, test11, CAR-PARK-1-1, 10]
[EL Fine]: sql: 2022-05-23 23:49:51.611--ServerSession(368342628)--Connection(802771878)--SELECT CARPARKID, ADDRESS, NAME, PRICEPERHOUR FROM CAR_PARK
[EL Fine]: sql: 2022-05-23 23:49:51.619--ClientSession(1367068823)--Connection(802771878)--INSERT INTO CAR_PARK (CARPARKID, ADDRESS, NAME, PRICEPERHOUR) VALUES (?, ?, ?, ?)
	bind => [10, test12, CAR-PARK-1-2, 20]
[EL Fine]: sql: 2022-05-23 23:49:51.633--ServerSession(368342628)--Connection(802771878)--SELECT CARPARKID, ADDRESS, NAME, PRICEPERHOUR FROM CAR_PARK
[EL Fine]: sql: 2022-05-23 23:49:51.866--ServerSession(368342628)--Connection(802771878)--SELECT CARPARKID, ADDRESS, NAME, PRICEPERHOUR FROM CAR_PARK
[EL Fine]: sql: 2022-05-23 23:49:51.873--ClientSession(1924227192)--Connection(802771878)--INSERT INTO CAR_PARK (CARPARKID, ADDRESS, NAME, PRICEPERHOUR) VALUES (?, ?, ?, ?)
	bind => [11, testtest, CAR-PARK-NAME, 12]
[EL Fine]: sql: 2022-05-23 23:49:51.888--ServerSession(368342628)--Connection(802771878)--SELECT CARPARKID, ADDRESS, NAME, PRICEPERHOUR FROM CAR_PARK WHERE (NAME = ?)
	bind => [CAR-PARK-NAME]
[EL Fine]: sql: 2022-05-23 23:49:52.115--ServerSession(368342628)--Connection(802771878)--SELECT CARPARKID, ADDRESS, NAME, PRICEPERHOUR FROM CAR_PARK
[EL Fine]: sql: 2022-05-23 23:49:52.117--ClientSession(74885833)--Connection(802771878)--INSERT INTO CAR_PARK (CARPARKID, ADDRESS, NAME, PRICEPERHOUR) VALUES (?, ?, ?, ?)
	bind => [12, testtest, test1, 12]
[INFO] Tests run: 5, Failures: 0, Errors: 0, Skipped: 0, Time elapsed: 1.524 s - in sk.stuba.fei.uim.vsa.pr1c.tests.CarParkTest
[INFO] Running sk.stuba.fei.uim.vsa.pr1c.tests.CarTest
car park class: sk.stuba.fei.uim.vsa.pr1c.service.CarParkService
[EL Fine]: sql: 2022-05-23 23:49:52.393--ServerSession(368342628)--Connection(802771878)--SELECT USERID, EMAIL, FIRSTNAME, LASTNAME FROM USER
[EL Fine]: sql: 2022-05-23 23:49:52.396--ClientSession(2109027570)--Connection(802771878)--INSERT INTO USER (USERID, EMAIL, FIRSTNAME, LASTNAME) VALUES (?, ?, ?, ?)
	bind => [13, jozko.mrkvicka@example.com, Jožko, Mrkvièka]
[EL Fine]: sql: 2022-05-23 23:49:52.402--ServerSession(368342628)--Connection(802771878)--SELECT CARID, BRAND, COLOR, MODEL, VEHICLEREGISTRATIONPLATE, USERID FROM CAR
[EL Fine]: sql: 2022-05-23 23:49:52.405--ClientSession(1139609587)--Connection(802771878)--INSERT INTO CAR (CARID, BRAND, COLOR, MODEL, VEHICLEREGISTRATIONPLATE, USERID) VALUES (?, ?, ?, ?, ?, ?)
	bind => [14, Audi, black, A7, BL798XX, 13]
[EL Fine]: sql: 2022-05-23 23:49:52.566--ServerSession(368342628)--Connection(802771878)--SELECT USERID, EMAIL, FIRSTNAME, LASTNAME FROM USER
[EL Fine]: sql: 2022-05-23 23:49:52.568--ClientSession(1690481990)--Connection(802771878)--INSERT INTO USER (USERID, EMAIL, FIRSTNAME, LASTNAME) VALUES (?, ?, ?, ?)
	bind => [15, jozko.mrkvicka@example.com, Jožko, Mrkvièka]
[EL Fine]: sql: 2022-05-23 23:49:52.574--ServerSession(368342628)--Connection(802771878)--SELECT CARID, BRAND, COLOR, MODEL, VEHICLEREGISTRATIONPLATE, USERID FROM CAR
[EL Fine]: sql: 2022-05-23 23:49:52.577--ClientSession(190628410)--Connection(802771878)--INSERT INTO CAR (CARID, BRAND, COLOR, MODEL, VEHICLEREGISTRATIONPLATE, USERID) VALUES (?, ?, ?, ?, ?, ?)
	bind => [16, Audi, black, A7, BL798XX, 15]
[EL Fine]: sql: 2022-05-23 23:49:52.584--ServerSession(368342628)--Connection(802771878)--SELECT CARID, BRAND, COLOR, MODEL, VEHICLEREGISTRATIONPLATE, USERID FROM CAR WHERE (VEHICLEREGISTRATIONPLATE = ?)
	bind => [BL798XX]
[EL Fine]: sql: 2022-05-23 23:49:52.736--ServerSession(368342628)--Connection(802771878)--SELECT USERID, EMAIL, FIRSTNAME, LASTNAME FROM USER
[EL Fine]: sql: 2022-05-23 23:49:52.738--ClientSession(211973922)--Connection(802771878)--INSERT INTO USER (USERID, EMAIL, FIRSTNAME, LASTNAME) VALUES (?, ?, ?, ?)
	bind => [17, jozko.mrkvicka@example.com, Jožko, Mrkvièka]
[EL Fine]: sql: 2022-05-23 23:49:52.744--ServerSession(368342628)--Connection(802771878)--SELECT CARID, BRAND, COLOR, MODEL, VEHICLEREGISTRATIONPLATE, USERID FROM CAR
[EL Fine]: sql: 2022-05-23 23:49:52.747--ClientSession(1489322191)--Connection(802771878)--INSERT INTO CAR (CARID, BRAND, COLOR, MODEL, VEHICLEREGISTRATIONPLATE, USERID) VALUES (?, ?, ?, ?, ?, ?)
	bind => [18, Audi, black, A7, BL798XX, 17]
[EL Fine]: sql: 2022-05-23 23:49:52.753--ServerSession(368342628)--Connection(802771878)--SELECT USERID, EMAIL, FIRSTNAME, LASTNAME FROM USER
[EL Fine]: sql: 2022-05-23 23:49:52.757--ServerSession(368342628)--Connection(802771878)--SELECT CARID, BRAND, COLOR, MODEL, VEHICLEREGISTRATIONPLATE, USERID FROM CAR WHERE (USERID = ?)
	bind => [17]
[EL Fine]: sql: 2022-05-23 23:49:52.955--ServerSession(368342628)--Connection(802771878)--SELECT USERID, EMAIL, FIRSTNAME, LASTNAME FROM USER
[EL Fine]: sql: 2022-05-23 23:49:52.957--ClientSession(1160652496)--Connection(802771878)--INSERT INTO USER (USERID, EMAIL, FIRSTNAME, LASTNAME) VALUES (?, ?, ?, ?)
	bind => [19, jozko.mrkvicka@example.com, Jožko, Mrkvièka]
[EL Fine]: sql: 2022-05-23 23:49:52.965--ServerSession(368342628)--Connection(802771878)--SELECT CARID, BRAND, COLOR, MODEL, VEHICLEREGISTRATIONPLATE, USERID FROM CAR
[EL Fine]: sql: 2022-05-23 23:49:52.973--ClientSession(1264754451)--Connection(802771878)--INSERT INTO CAR (CARID, BRAND, COLOR, MODEL, VEHICLEREGISTRATIONPLATE, USERID) VALUES (?, ?, ?, ?, ?, ?)
	bind => [20, Audi, black, A7, BL798XX, 19]
[EL Fine]: sql: 2022-05-23 23:49:53.215--ServerSession(368342628)--Connection(802771878)--SELECT USERID, EMAIL, FIRSTNAME, LASTNAME FROM USER
[EL Fine]: sql: 2022-05-23 23:49:53.222--ClientSession(345290829)--Connection(802771878)--INSERT INTO USER (USERID, EMAIL, FIRSTNAME, LASTNAME) VALUES (?, ?, ?, ?)
	bind => [21, jozko.mrkvicka@example.com, Jožko, Mrkvièka]
[EL Fine]: sql: 2022-05-23 23:49:53.235--ServerSession(368342628)--Connection(802771878)--SELECT CARID, BRAND, COLOR, MODEL, VEHICLEREGISTRATIONPLATE, USERID FROM CAR
[EL Fine]: sql: 2022-05-23 23:49:53.238--ClientSession(752011518)--Connection(802771878)--INSERT INTO CAR (CARID, BRAND, COLOR, MODEL, VEHICLEREGISTRATIONPLATE, USERID) VALUES (?, ?, ?, ?, ?, ?)
	bind => [22, Audi, black, A7, BL798XX, 21]
[EL Fine]: sql: 2022-05-23 23:49:53.286--ServerSession(368342628)--Connection(802771878)--SELECT t1.CARID, t1.BRAND, t1.COLOR, t1.MODEL, t1.VEHICLEREGISTRATIONPLATE, t1.USERID FROM RESERVATION t0, CAR t1 WHERE (t0.RESERVATIONID IN (SELECT t2.RESERVATIONID FROM RESERVATION t2 WHERE (t2.CARID = ?)) AND (t0.CARID = t1.CARID))
	bind => [22]
[EL Fine]: sql: 2022-05-23 23:49:53.296--ServerSession(368342628)--Connection(802771878)--SELECT RESERVATIONID, ENDDATE, PRICE, STARTDATE, CARID, PARKINGSPOTID FROM RESERVATION WHERE (CARID = ?)
	bind => [22]
[EL Fine]: sql: 2022-05-23 23:49:53.301--ClientSession(1928312257)--Connection(802771878)--UPDATE RESERVATION SET CARID = ? WHERE (CARID = ?)
	bind => [null, 22]
[EL Fine]: sql: 2022-05-23 23:49:53.303--ClientSession(1928312257)--Connection(802771878)--SELECT CARID FROM CAR WHERE (CARID = ?)
	bind => [22]
[EL Fine]: sql: 2022-05-23 23:49:53.305--ClientSession(1928312257)--Connection(802771878)--DELETE FROM CAR WHERE (CARID = ?)
	bind => [22]
[EL Fine]: sql: 2022-05-23 23:49:53.312--ServerSession(368342628)--Connection(802771878)--SELECT CARID, BRAND, COLOR, MODEL, VEHICLEREGISTRATIONPLATE, USERID FROM CAR WHERE (VEHICLEREGISTRATIONPLATE = ?)
	bind => [BL798XX]
[INFO] Tests run: 5, Failures: 0, Errors: 0, Skipped: 0, Time elapsed: 1.187 s - in sk.stuba.fei.uim.vsa.pr1c.tests.CarTest
[INFO] Running sk.stuba.fei.uim.vsa.pr1c.tests.ParkingSpotAndReservationWithoutTypeTest
car park class: sk.stuba.fei.uim.vsa.pr1c.service.CarParkService
[EL Fine]: sql: 2022-05-23 23:49:53.768--ServerSession(368342628)--Connection(802771878)--SELECT CARPARKID, ADDRESS, NAME, PRICEPERHOUR FROM CAR_PARK
[EL Fine]: sql: 2022-05-23 23:49:53.771--ClientSession(112797307)--Connection(802771878)--INSERT INTO CAR_PARK (CARPARKID, ADDRESS, NAME, PRICEPERHOUR) VALUES (?, ?, ?, ?)
	bind => [23, testtest, test7, 12]
[EL Fine]: sql: 2022-05-23 23:49:53.779--ServerSession(368342628)--Connection(802771878)--SELECT FLOORIDENTIFIER, CARPARKID FROM CAR_PARK_FLOOR
[EL Fine]: sql: 2022-05-23 23:49:53.782--ClientSession(347808407)--Connection(802771878)--INSERT INTO CAR_PARK_FLOOR (FLOORIDENTIFIER, CARPARKID) VALUES (?, ?)
	bind => [Floor1, 23]
[EL Fine]: sql: 2022-05-23 23:49:53.789--ServerSession(368342628)--Connection(802771878)--SELECT FLOORIDENTIFIER, CARPARKID FROM CAR_PARK_FLOOR
[EL Fine]: sql: 2022-05-23 23:49:53.793--ClientSession(1894144426)--Connection(802771878)--INSERT INTO CAR_PARK_FLOOR (FLOORIDENTIFIER, CARPARKID) VALUES (?, ?)
	bind => [Floor2, 23]
[EL Fine]: sql: 2022-05-23 23:49:53.81--ServerSession(368342628)--Connection(802771878)--SELECT FLOORIDENTIFIER, CARPARKID FROM CAR_PARK_FLOOR WHERE ((CARPARKID = ?) AND (FLOORIDENTIFIER = ?))
	bind => [23, Floor1]
[EL Fine]: sql: 2022-05-23 23:49:53.822--ServerSession(368342628)--Connection(802771878)--SELECT t1.PARKINGSPOTID, t1.SPOTIDENTIFIER, t1.FLOORIDENTIFIER, t1.CARPARID FROM CAR_PARK_FLOOR t0, PARKING_SPOT t1 WHERE ((t0.CARPARKID = ?) AND ((t0.CARPARKID = t1.CARPARID) AND (t0.FLOORIDENTIFIER = t1.FLOORIDENTIFIER)))
	bind => [23]
[EL Fine]: sql: 2022-05-23 23:49:53.831--ClientSession(322830747)--Connection(802771878)--INSERT INTO PARKING_SPOT (PARKINGSPOTID, SPOTIDENTIFIER, FLOORIDENTIFIER, CARPARID) VALUES (?, ?, ?, ?)
	bind => [24, 1.1, Floor1, 23]
[EL Fine]: sql: 2022-05-23 23:49:53.851--ServerSession(368342628)--Connection(802771878)--SELECT FLOORIDENTIFIER, CARPARKID FROM CAR_PARK_FLOOR WHERE ((CARPARKID = ?) AND (FLOORIDENTIFIER = ?))
	bind => [23, Floor1]
[EL Fine]: sql: 2022-05-23 23:49:53.856--ServerSession(368342628)--Connection(802771878)--SELECT t1.PARKINGSPOTID, t1.SPOTIDENTIFIER, t1.FLOORIDENTIFIER, t1.CARPARID FROM CAR_PARK_FLOOR t0, PARKING_SPOT t1 WHERE ((t0.CARPARKID = ?) AND ((t0.CARPARKID = t1.CARPARID) AND (t0.FLOORIDENTIFIER = t1.FLOORIDENTIFIER)))
	bind => [23]
[EL Fine]: sql: 2022-05-23 23:49:53.861--ClientSession(925568390)--Connection(802771878)--INSERT INTO PARKING_SPOT (PARKINGSPOTID, SPOTIDENTIFIER, FLOORIDENTIFIER, CARPARID) VALUES (?, ?, ?, ?)
	bind => [25, 1.2, Floor1, 23]
[EL Fine]: sql: 2022-05-23 23:49:53.883--ServerSession(368342628)--Connection(802771878)--SELECT FLOORIDENTIFIER, CARPARKID FROM CAR_PARK_FLOOR WHERE ((CARPARKID = ?) AND (FLOORIDENTIFIER = ?))
	bind => [23, Floor2]
[EL Fine]: sql: 2022-05-23 23:49:53.887--ServerSession(368342628)--Connection(802771878)--SELECT t1.PARKINGSPOTID, t1.SPOTIDENTIFIER, t1.FLOORIDENTIFIER, t1.CARPARID FROM CAR_PARK_FLOOR t0, PARKING_SPOT t1 WHERE ((t0.CARPARKID = ?) AND ((t0.CARPARKID = t1.CARPARID) AND (t0.FLOORIDENTIFIER = t1.FLOORIDENTIFIER)))
	bind => [23]
[EL Fine]: sql: 2022-05-23 23:49:53.893--ClientSession(1392886653)--Connection(802771878)--INSERT INTO PARKING_SPOT (PARKINGSPOTID, SPOTIDENTIFIER, FLOORIDENTIFIER, CARPARID) VALUES (?, ?, ?, ?)
	bind => [26, 2.1, Floor2, 23]
[EL Fine]: sql: 2022-05-23 23:49:53.906--ServerSession(368342628)--Connection(802771878)--SELECT FLOORIDENTIFIER, CARPARKID FROM CAR_PARK_FLOOR WHERE ((CARPARKID = ?) AND (FLOORIDENTIFIER = ?))
	bind => [23, Floor2]
[EL Fine]: sql: 2022-05-23 23:49:53.911--ServerSession(368342628)--Connection(802771878)--SELECT t1.PARKINGSPOTID, t1.SPOTIDENTIFIER, t1.FLOORIDENTIFIER, t1.CARPARID FROM CAR_PARK_FLOOR t0, PARKING_SPOT t1 WHERE ((t0.CARPARKID = ?) AND ((t0.CARPARKID = t1.CARPARID) AND (t0.FLOORIDENTIFIER = t1.FLOORIDENTIFIER)))
	bind => [23]
[EL Fine]: sql: 2022-05-23 23:49:53.927--ClientSession(848958019)--Connection(802771878)--INSERT INTO PARKING_SPOT (PARKINGSPOTID, SPOTIDENTIFIER, FLOORIDENTIFIER, CARPARID) VALUES (?, ?, ?, ?)
	bind => [27, 2.2, Floor2, 23]
[EL Fine]: sql: 2022-05-23 23:49:53.959--ServerSession(368342628)--Connection(802771878)--SELECT t2.PARKINGSPOTID, t2.SPOTIDENTIFIER, t2.FLOORIDENTIFIER, t2.CARPARID FROM CAR_PARK t0, PARKING_SPOT t2, CAR_PARK_FLOOR t1 WHERE ((t0.NAME = ?) AND (((t1.CARPARKID = t2.CARPARID) AND (t1.FLOORIDENTIFIER = t2.FLOORIDENTIFIER)) AND (t0.CARPARKID = t1.CARPARKID)))
	bind => [test7]
[EL Fine]: sql: 2022-05-23 23:49:54.273--ServerSession(368342628)--Connection(802771878)--SELECT CARPARKID, ADDRESS, NAME, PRICEPERHOUR FROM CAR_PARK
[EL Fine]: sql: 2022-05-23 23:49:54.278--ClientSession(683718244)--Connection(802771878)--INSERT INTO CAR_PARK (CARPARKID, ADDRESS, NAME, PRICEPERHOUR) VALUES (?, ?, ?, ?)
	bind => [28, testtest, test7, 12]
[EL Fine]: sql: 2022-05-23 23:49:54.289--ServerSession(368342628)--Connection(802771878)--SELECT FLOORIDENTIFIER, CARPARKID FROM CAR_PARK_FLOOR
[EL Fine]: sql: 2022-05-23 23:49:54.298--ClientSession(1424439581)--Connection(802771878)--INSERT INTO CAR_PARK_FLOOR (FLOORIDENTIFIER, CARPARKID) VALUES (?, ?)
	bind => [Floor1, 28]
[EL Fine]: sql: 2022-05-23 23:49:54.31--ServerSession(368342628)--Connection(802771878)--SELECT FLOORIDENTIFIER, CARPARKID FROM CAR_PARK_FLOOR
[EL Fine]: sql: 2022-05-23 23:49:54.322--ClientSession(1205419533)--Connection(802771878)--INSERT INTO CAR_PARK_FLOOR (FLOORIDENTIFIER, CARPARKID) VALUES (?, ?)
	bind => [Floor2, 28]
[EL Fine]: sql: 2022-05-23 23:49:54.334--ServerSession(368342628)--Connection(802771878)--SELECT FLOORIDENTIFIER, CARPARKID FROM CAR_PARK_FLOOR WHERE ((CARPARKID = ?) AND (FLOORIDENTIFIER = ?))
	bind => [28, Floor1]
[EL Fine]: sql: 2022-05-23 23:49:54.34--ServerSession(368342628)--Connection(802771878)--SELECT t1.PARKINGSPOTID, t1.SPOTIDENTIFIER, t1.FLOORIDENTIFIER, t1.CARPARID FROM CAR_PARK_FLOOR t0, PARKING_SPOT t1 WHERE ((t0.CARPARKID = ?) AND ((t0.CARPARKID = t1.CARPARID) AND (t0.FLOORIDENTIFIER = t1.FLOORIDENTIFIER)))
	bind => [28]
[EL Fine]: sql: 2022-05-23 23:49:54.345--ClientSession(1059080630)--Connection(802771878)--INSERT INTO PARKING_SPOT (PARKINGSPOTID, SPOTIDENTIFIER, FLOORIDENTIFIER, CARPARID) VALUES (?, ?, ?, ?)
	bind => [29, 1.1, Floor1, 28]
[EL Fine]: sql: 2022-05-23 23:49:54.356--ServerSession(368342628)--Connection(802771878)--SELECT FLOORIDENTIFIER, CARPARKID FROM CAR_PARK_FLOOR WHERE ((CARPARKID = ?) AND (FLOORIDENTIFIER = ?))
	bind => [28, Floor1]
[EL Fine]: sql: 2022-05-23 23:49:54.367--ServerSession(368342628)--Connection(802771878)--SELECT t1.PARKINGSPOTID, t1.SPOTIDENTIFIER, t1.FLOORIDENTIFIER, t1.CARPARID FROM CAR_PARK_FLOOR t0, PARKING_SPOT t1 WHERE ((t0.CARPARKID = ?) AND ((t0.CARPARKID = t1.CARPARID) AND (t0.FLOORIDENTIFIER = t1.FLOORIDENTIFIER)))
	bind => [28]
[EL Fine]: sql: 2022-05-23 23:49:54.389--ClientSession(317960117)--Connection(802771878)--INSERT INTO PARKING_SPOT (PARKINGSPOTID, SPOTIDENTIFIER, FLOORIDENTIFIER, CARPARID) VALUES (?, ?, ?, ?)
	bind => [30, 1.2, Floor1, 28]
[EL Fine]: sql: 2022-05-23 23:49:54.449--ServerSession(368342628)--Connection(802771878)--SELECT FLOORIDENTIFIER, CARPARKID FROM CAR_PARK_FLOOR WHERE ((CARPARKID = ?) AND (FLOORIDENTIFIER = ?))
	bind => [28, Floor2]
[EL Fine]: sql: 2022-05-23 23:49:54.464--ServerSession(368342628)--Connection(802771878)--SELECT t1.PARKINGSPOTID, t1.SPOTIDENTIFIER, t1.FLOORIDENTIFIER, t1.CARPARID FROM CAR_PARK_FLOOR t0, PARKING_SPOT t1 WHERE ((t0.CARPARKID = ?) AND ((t0.CARPARKID = t1.CARPARID) AND (t0.FLOORIDENTIFIER = t1.FLOORIDENTIFIER)))
	bind => [28]
[EL Fine]: sql: 2022-05-23 23:49:54.483--ClientSession(2045913001)--Connection(802771878)--INSERT INTO PARKING_SPOT (PARKINGSPOTID, SPOTIDENTIFIER, FLOORIDENTIFIER, CARPARID) VALUES (?, ?, ?, ?)
	bind => [31, 2.1, Floor2, 28]
[EL Fine]: sql: 2022-05-23 23:49:54.502--ServerSession(368342628)--Connection(802771878)--SELECT FLOORIDENTIFIER, CARPARKID FROM CAR_PARK_FLOOR WHERE ((CARPARKID = ?) AND (FLOORIDENTIFIER = ?))
	bind => [28, Floor2]
[EL Fine]: sql: 2022-05-23 23:49:54.511--ServerSession(368342628)--Connection(802771878)--SELECT t1.PARKINGSPOTID, t1.SPOTIDENTIFIER, t1.FLOORIDENTIFIER, t1.CARPARID FROM CAR_PARK_FLOOR t0, PARKING_SPOT t1 WHERE ((t0.CARPARKID = ?) AND ((t0.CARPARKID = t1.CARPARID) AND (t0.FLOORIDENTIFIER = t1.FLOORIDENTIFIER)))
	bind => [28]
[EL Fine]: sql: 2022-05-23 23:49:54.528--ClientSession(1989332276)--Connection(802771878)--INSERT INTO PARKING_SPOT (PARKINGSPOTID, SPOTIDENTIFIER, FLOORIDENTIFIER, CARPARID) VALUES (?, ?, ?, ?)
	bind => [32, 2.2, Floor2, 28]
[EL Fine]: sql: 2022-05-23 23:49:54.562--ServerSession(368342628)--Connection(802771878)--SELECT t2.PARKINGSPOTID, t2.SPOTIDENTIFIER, t2.FLOORIDENTIFIER, t2.CARPARID FROM CAR_PARK t0, PARKING_SPOT t2, CAR_PARK_FLOOR t1 WHERE ((t0.NAME = ?) AND (((t1.CARPARKID = t2.CARPARID) AND (t1.FLOORIDENTIFIER = t2.FLOORIDENTIFIER)) AND (t0.CARPARKID = t1.CARPARKID)))
	bind => [test7]
[EL Fine]: sql: 2022-05-23 23:49:54.611--ServerSession(368342628)--Connection(802771878)--SELECT USERID, EMAIL, FIRSTNAME, LASTNAME FROM USER
[EL Fine]: sql: 2022-05-23 23:49:54.681--ClientSession(1056185446)--Connection(802771878)--INSERT INTO USER (USERID, EMAIL, FIRSTNAME, LASTNAME) VALUES (?, ?, ?, ?)
	bind => [33, jozko.mrkvicka@example.com, Jožko, Mrkvièka]
[EL Fine]: sql: 2022-05-23 23:49:54.756--ServerSession(368342628)--Connection(802771878)--SELECT CARID, BRAND, COLOR, MODEL, VEHICLEREGISTRATIONPLATE, USERID FROM CAR
[EL Fine]: sql: 2022-05-23 23:49:54.851--ClientSession(1779914089)--Connection(802771878)--INSERT INTO CAR (CARID, BRAND, COLOR, MODEL, VEHICLEREGISTRATIONPLATE, USERID) VALUES (?, ?, ?, ?, ?, ?)
	bind => [34, Audi, black, A7, BL798XX, 33]
[EL Fine]: sql: 2022-05-23 23:49:54.96--ClientSession(623131585)--Connection(802771878)--INSERT INTO RESERVATION (RESERVATIONID, ENDDATE, PRICE, STARTDATE, CARID, PARKINGSPOTID) VALUES (?, ?, ?, ?, ?, ?)
	bind => [35, null, null, 2022-05-23 23:49:54.944, 34, 29]
[EL Fine]: sql: 2022-05-23 23:49:55.007--ServerSession(368342628)--Connection(802771878)--SELECT t2.PARKINGSPOTID, t2.SPOTIDENTIFIER, t2.FLOORIDENTIFIER, t2.CARPARID FROM CAR_PARK t0, PARKING_SPOT t2, CAR_PARK_FLOOR t1 WHERE ((t0.NAME = ?) AND (((t1.CARPARKID = t2.CARPARID) AND (t1.FLOORIDENTIFIER = t2.FLOORIDENTIFIER)) AND (t0.CARPARKID = t1.CARPARKID)))
	bind => [test7]
[ERROR] Tests run: 2, Failures: 2, Errors: 0, Skipped: 0, Time elapsed: 1.691 s <<< FAILURE! - in sk.stuba.fei.uim.vsa.pr1c.tests.ParkingSpotAndReservationWithoutTypeTest
[ERROR] SPOT_RES_01_getAvailableSpotsTest  Time elapsed: 0.505 s  <<< FAILURE!
org.opentest4j.AssertionFailedError: expected: <2> but was: <1>
	at sk.stuba.fei.uim.vsa.pr1c.tests.ParkingSpotAndReservationWithoutTypeTest.SPOT_RES_01_getAvailableSpotsTest(ParkingSpotAndReservationWithoutTypeTest.java:69)

[ERROR] SPOT_RES_02_getOccupiedParkingSpotsWithoutTypeTest  Time elapsed: 1.041 s  <<< FAILURE!
org.opentest4j.AssertionFailedError: expected: not <null>
	at sk.stuba.fei.uim.vsa.pr1c.tests.ParkingSpotAndReservationWithoutTypeTest.SPOT_RES_02_getOccupiedParkingSpotsWithoutTypeTest(ParkingSpotAndReservationWithoutTypeTest.java:398)

[INFO] Running sk.stuba.fei.uim.vsa.pr1c.tests.ParkingSpotTest
car park class: sk.stuba.fei.uim.vsa.pr1c.service.CarParkService
[EL Fine]: sql: 2022-05-23 23:50:03.329--ServerSession(368342628)--Connection(802771878)--SELECT CARPARKID, ADDRESS, NAME, PRICEPERHOUR FROM CAR_PARK
[EL Fine]: sql: 2022-05-23 23:50:03.383--ClientSession(1371400311)--Connection(802771878)--INSERT INTO CAR_PARK (CARPARKID, ADDRESS, NAME, PRICEPERHOUR) VALUES (?, ?, ?, ?)
	bind => [36, testtest, test7, 12]
[EL Fine]: sql: 2022-05-23 23:50:03.432--ServerSession(368342628)--Connection(802771878)--SELECT FLOORIDENTIFIER, CARPARKID FROM CAR_PARK_FLOOR
[EL Fine]: sql: 2022-05-23 23:50:03.452--ClientSession(22668134)--Connection(802771878)--INSERT INTO CAR_PARK_FLOOR (FLOORIDENTIFIER, CARPARKID) VALUES (?, ?)
	bind => [Floor1, 36]
[EL Fine]: sql: 2022-05-23 23:50:03.474--ServerSession(368342628)--Connection(802771878)--SELECT FLOORIDENTIFIER, CARPARKID FROM CAR_PARK_FLOOR WHERE ((CARPARKID = ?) AND (FLOORIDENTIFIER = ?))
	bind => [36, Floor1]
[EL Fine]: sql: 2022-05-23 23:50:03.49--ServerSession(368342628)--Connection(802771878)--SELECT t1.PARKINGSPOTID, t1.SPOTIDENTIFIER, t1.FLOORIDENTIFIER, t1.CARPARID FROM CAR_PARK_FLOOR t0, PARKING_SPOT t1 WHERE ((t0.CARPARKID = ?) AND ((t0.CARPARKID = t1.CARPARID) AND (t0.FLOORIDENTIFIER = t1.FLOORIDENTIFIER)))
	bind => [36]
[EL Fine]: sql: 2022-05-23 23:50:03.5--ClientSession(1211586911)--Connection(802771878)--INSERT INTO PARKING_SPOT (PARKINGSPOTID, SPOTIDENTIFIER, FLOORIDENTIFIER, CARPARID) VALUES (?, ?, ?, ?)
	bind => [37, 1.1, Floor1, 36]
[EL Fine]: sql: 2022-05-23 23:50:03.522--ServerSession(368342628)--Connection(802771878)--SELECT CARPARKID, ADDRESS, NAME, PRICEPERHOUR FROM CAR_PARK
[EL Fine]: sql: 2022-05-23 23:50:03.532--ClientSession(1816397102)--Connection(802771878)--INSERT INTO CAR_PARK (CARPARKID, ADDRESS, NAME, PRICEPERHOUR) VALUES (?, ?, ?, ?)
	bind => [38, testtest, test8, 12]
[EL Fine]: sql: 2022-05-23 23:50:03.554--ServerSession(368342628)--Connection(802771878)--SELECT FLOORIDENTIFIER, CARPARKID FROM CAR_PARK_FLOOR
[EL Fine]: sql: 2022-05-23 23:50:03.57--ClientSession(451959555)--Connection(802771878)--INSERT INTO CAR_PARK_FLOOR (FLOORIDENTIFIER, CARPARKID) VALUES (?, ?)
	bind => [Floor2, 38]
[EL Fine]: sql: 2022-05-23 23:50:03.654--ServerSession(368342628)--Connection(802771878)--SELECT FLOORIDENTIFIER, CARPARKID FROM CAR_PARK_FLOOR WHERE ((CARPARKID = ?) AND (FLOORIDENTIFIER = ?))
	bind => [38, Floor2]
[EL Fine]: sql: 2022-05-23 23:50:03.661--ServerSession(368342628)--Connection(802771878)--SELECT t1.PARKINGSPOTID, t1.SPOTIDENTIFIER, t1.FLOORIDENTIFIER, t1.CARPARID FROM CAR_PARK_FLOOR t0, PARKING_SPOT t1 WHERE ((t0.CARPARKID = ?) AND ((t0.CARPARKID = t1.CARPARID) AND (t0.FLOORIDENTIFIER = t1.FLOORIDENTIFIER)))
	bind => [38]
[EL Fine]: sql: 2022-05-23 23:50:03.67--ClientSession(670084377)--Connection(802771878)--INSERT INTO PARKING_SPOT (PARKINGSPOTID, SPOTIDENTIFIER, FLOORIDENTIFIER, CARPARID) VALUES (?, ?, ?, ?)
	bind => [39, 1.1, Floor2, 38]
[EL Fine]: sql: 2022-05-23 23:50:03.729--ServerSession(368342628)--Connection(802771878)--SELECT FLOORIDENTIFIER, CARPARKID FROM CAR_PARK_FLOOR WHERE ((CARPARKID = ?) AND (FLOORIDENTIFIER = ?))
	bind => [36, Floor1]
[EL Fine]: sql: 2022-05-23 23:50:03.736--ServerSession(368342628)--Connection(802771878)--SELECT t1.PARKINGSPOTID, t1.SPOTIDENTIFIER, t1.FLOORIDENTIFIER, t1.CARPARID FROM CAR_PARK_FLOOR t0, PARKING_SPOT t1 WHERE ((t0.CARPARKID = ?) AND ((t0.CARPARKID = t1.CARPARID) AND (t0.FLOORIDENTIFIER = t1.FLOORIDENTIFIER)))
	bind => [36]
[EL Fine]: sql: 2022-05-23 23:50:04.346--ServerSession(368342628)--Connection(802771878)--SELECT CARPARKID, ADDRESS, NAME, PRICEPERHOUR FROM CAR_PARK
[EL Fine]: sql: 2022-05-23 23:50:04.352--ClientSession(46259342)--Connection(802771878)--INSERT INTO CAR_PARK (CARPARKID, ADDRESS, NAME, PRICEPERHOUR) VALUES (?, ?, ?, ?)
	bind => [40, testtest, test8, 12]
[EL Fine]: sql: 2022-05-23 23:50:04.368--ServerSession(368342628)--Connection(802771878)--SELECT FLOORIDENTIFIER, CARPARKID FROM CAR_PARK_FLOOR
[EL Fine]: sql: 2022-05-23 23:50:04.373--ClientSession(185203393)--Connection(802771878)--INSERT INTO CAR_PARK_FLOOR (FLOORIDENTIFIER, CARPARKID) VALUES (?, ?)
	bind => [Floor3-1, 40]
[EL Fine]: sql: 2022-05-23 23:50:04.398--ServerSession(368342628)--Connection(802771878)--SELECT FLOORIDENTIFIER, CARPARKID FROM CAR_PARK_FLOOR WHERE ((CARPARKID = ?) AND (FLOORIDENTIFIER = ?))
	bind => [40, Floor3-1]
[EL Fine]: sql: 2022-05-23 23:50:04.404--ServerSession(368342628)--Connection(802771878)--SELECT t1.PARKINGSPOTID, t1.SPOTIDENTIFIER, t1.FLOORIDENTIFIER, t1.CARPARID FROM CAR_PARK_FLOOR t0, PARKING_SPOT t1 WHERE ((t0.CARPARKID = ?) AND ((t0.CARPARKID = t1.CARPARID) AND (t0.FLOORIDENTIFIER = t1.FLOORIDENTIFIER)))
	bind => [40]
[EL Fine]: sql: 2022-05-23 23:50:04.419--ClientSession(2004655561)--Connection(802771878)--INSERT INTO PARKING_SPOT (PARKINGSPOTID, SPOTIDENTIFIER, FLOORIDENTIFIER, CARPARID) VALUES (?, ?, ?, ?)
	bind => [41, 1.01, Floor3-1, 40]
[EL Fine]: sql: 2022-05-23 23:50:04.431--ServerSession(368342628)--Connection(802771878)--SELECT FLOORIDENTIFIER, CARPARKID FROM CAR_PARK_FLOOR WHERE ((CARPARKID = ?) AND (FLOORIDENTIFIER = ?))
	bind => [40, Floor3-1]
[EL Fine]: sql: 2022-05-23 23:50:04.44--ServerSession(368342628)--Connection(802771878)--SELECT t1.PARKINGSPOTID, t1.SPOTIDENTIFIER, t1.FLOORIDENTIFIER, t1.CARPARID FROM CAR_PARK_FLOOR t0, PARKING_SPOT t1 WHERE ((t0.CARPARKID = ?) AND ((t0.CARPARKID = t1.CARPARID) AND (t0.FLOORIDENTIFIER = t1.FLOORIDENTIFIER)))
	bind => [40]
[EL Fine]: sql: 2022-05-23 23:50:04.454--ClientSession(708926121)--Connection(802771878)--INSERT INTO PARKING_SPOT (PARKINGSPOTID, SPOTIDENTIFIER, FLOORIDENTIFIER, CARPARID) VALUES (?, ?, ?, ?)
	bind => [42, 1.02, Floor3-1, 40]
[EL Fine]: sql: 2022-05-23 23:50:04.477--ServerSession(368342628)--Connection(802771878)--SELECT t1.PARKINGSPOTID, t1.SPOTIDENTIFIER, t1.FLOORIDENTIFIER, t1.CARPARID FROM CAR_PARK_FLOOR t0, PARKING_SPOT t1 WHERE (((t0.CARPARKID = ?) AND (t0.FLOORIDENTIFIER = ?)) AND ((t0.CARPARKID = t1.CARPARID) AND (t0.FLOORIDENTIFIER = t1.FLOORIDENTIFIER)))
	bind => [40, Floor3-1]
[EL Fine]: sql: 2022-05-23 23:50:04.853--ServerSession(368342628)--Connection(802771878)--SELECT CARPARKID, ADDRESS, NAME, PRICEPERHOUR FROM CAR_PARK
[EL Fine]: sql: 2022-05-23 23:50:04.888--ClientSession(415906914)--Connection(802771878)--INSERT INTO CAR_PARK (CARPARKID, ADDRESS, NAME, PRICEPERHOUR) VALUES (?, ?, ?, ?)
	bind => [43, testtest, test7, 12]
[EL Fine]: sql: 2022-05-23 23:50:04.964--ServerSession(368342628)--Connection(802771878)--SELECT FLOORIDENTIFIER, CARPARKID FROM CAR_PARK_FLOOR
[EL Fine]: sql: 2022-05-23 23:50:04.988--ClientSession(1604342290)--Connection(802771878)--INSERT INTO CAR_PARK_FLOOR (FLOORIDENTIFIER, CARPARKID) VALUES (?, ?)
	bind => [Floor1, 43]
[EL Fine]: sql: 2022-05-23 23:50:05.006--ServerSession(368342628)--Connection(802771878)--SELECT FLOORIDENTIFIER, CARPARKID FROM CAR_PARK_FLOOR
[EL Fine]: sql: 2022-05-23 23:50:05.011--ClientSession(10915321)--Connection(802771878)--INSERT INTO CAR_PARK_FLOOR (FLOORIDENTIFIER, CARPARKID) VALUES (?, ?)
	bind => [Floor2, 43]
[EL Fine]: sql: 2022-05-23 23:50:05.034--ServerSession(368342628)--Connection(802771878)--SELECT FLOORIDENTIFIER, CARPARKID FROM CAR_PARK_FLOOR WHERE ((CARPARKID = ?) AND (FLOORIDENTIFIER = ?))
	bind => [43, Floor1]
[EL Fine]: sql: 2022-05-23 23:50:05.044--ServerSession(368342628)--Connection(802771878)--SELECT t1.PARKINGSPOTID, t1.SPOTIDENTIFIER, t1.FLOORIDENTIFIER, t1.CARPARID FROM CAR_PARK_FLOOR t0, PARKING_SPOT t1 WHERE ((t0.CARPARKID = ?) AND ((t0.CARPARKID = t1.CARPARID) AND (t0.FLOORIDENTIFIER = t1.FLOORIDENTIFIER)))
	bind => [43]
[EL Fine]: sql: 2022-05-23 23:50:05.059--ClientSession(1455177644)--Connection(802771878)--INSERT INTO PARKING_SPOT (PARKINGSPOTID, SPOTIDENTIFIER, FLOORIDENTIFIER, CARPARID) VALUES (?, ?, ?, ?)
	bind => [44, 1.1, Floor1, 43]
[EL Fine]: sql: 2022-05-23 23:50:05.11--ServerSession(368342628)--Connection(802771878)--SELECT FLOORIDENTIFIER, CARPARKID FROM CAR_PARK_FLOOR WHERE ((CARPARKID = ?) AND (FLOORIDENTIFIER = ?))
	bind => [43, Floor1]
[EL Fine]: sql: 2022-05-23 23:50:05.117--ServerSession(368342628)--Connection(802771878)--SELECT t1.PARKINGSPOTID, t1.SPOTIDENTIFIER, t1.FLOORIDENTIFIER, t1.CARPARID FROM CAR_PARK_FLOOR t0, PARKING_SPOT t1 WHERE ((t0.CARPARKID = ?) AND ((t0.CARPARKID = t1.CARPARID) AND (t0.FLOORIDENTIFIER = t1.FLOORIDENTIFIER)))
	bind => [43]
[EL Fine]: sql: 2022-05-23 23:50:05.139--ClientSession(1481594007)--Connection(802771878)--INSERT INTO PARKING_SPOT (PARKINGSPOTID, SPOTIDENTIFIER, FLOORIDENTIFIER, CARPARID) VALUES (?, ?, ?, ?)
	bind => [45, 1.2, Floor1, 43]
[EL Fine]: sql: 2022-05-23 23:50:05.176--ServerSession(368342628)--Connection(802771878)--SELECT FLOORIDENTIFIER, CARPARKID FROM CAR_PARK_FLOOR WHERE ((CARPARKID = ?) AND (FLOORIDENTIFIER = ?))
	bind => [43, Floor2]
[EL Fine]: sql: 2022-05-23 23:50:05.178--ServerSession(368342628)--Connection(802771878)--SELECT t1.PARKINGSPOTID, t1.SPOTIDENTIFIER, t1.FLOORIDENTIFIER, t1.CARPARID FROM CAR_PARK_FLOOR t0, PARKING_SPOT t1 WHERE ((t0.CARPARKID = ?) AND ((t0.CARPARKID = t1.CARPARID) AND (t0.FLOORIDENTIFIER = t1.FLOORIDENTIFIER)))
	bind => [43]
[EL Fine]: sql: 2022-05-23 23:50:05.19--ClientSession(1735330400)--Connection(802771878)--INSERT INTO PARKING_SPOT (PARKINGSPOTID, SPOTIDENTIFIER, FLOORIDENTIFIER, CARPARID) VALUES (?, ?, ?, ?)
	bind => [46, 2.1, Floor2, 43]
[EL Fine]: sql: 2022-05-23 23:50:05.213--ServerSession(368342628)--Connection(802771878)--SELECT FLOORIDENTIFIER, CARPARKID FROM CAR_PARK_FLOOR WHERE ((CARPARKID = ?) AND (FLOORIDENTIFIER = ?))
	bind => [43, Floor2]
[EL Fine]: sql: 2022-05-23 23:50:05.219--ServerSession(368342628)--Connection(802771878)--SELECT t1.PARKINGSPOTID, t1.SPOTIDENTIFIER, t1.FLOORIDENTIFIER, t1.CARPARID FROM CAR_PARK_FLOOR t0, PARKING_SPOT t1 WHERE ((t0.CARPARKID = ?) AND ((t0.CARPARKID = t1.CARPARID) AND (t0.FLOORIDENTIFIER = t1.FLOORIDENTIFIER)))
	bind => [43]
[EL Fine]: sql: 2022-05-23 23:50:05.248--ClientSession(773238925)--Connection(802771878)--INSERT INTO PARKING_SPOT (PARKINGSPOTID, SPOTIDENTIFIER, FLOORIDENTIFIER, CARPARID) VALUES (?, ?, ?, ?)
	bind => [47, 2.2, Floor2, 43]
[EL Fine]: sql: 2022-05-23 23:50:05.318--ServerSession(368342628)--Connection(802771878)--SELECT t1.PARKINGSPOTID, t1.SPOTIDENTIFIER, t1.FLOORIDENTIFIER, t1.CARPARID FROM CAR_PARK_FLOOR t0, PARKING_SPOT t1 WHERE ((t0.CARPARKID = ?) AND ((t0.CARPARKID = t1.CARPARID) AND (t0.FLOORIDENTIFIER = t1.FLOORIDENTIFIER)))
	bind => [43]
[EL Fine]: sql: 2022-05-23 23:50:05.327--ServerSession(368342628)--Connection(802771878)--SELECT t1.PARKINGSPOTID, t1.SPOTIDENTIFIER, t1.FLOORIDENTIFIER, t1.CARPARID FROM CAR_PARK_FLOOR t0, PARKING_SPOT t1 WHERE ((t0.CARPARKID = ?) AND ((t0.CARPARKID = t1.CARPARID) AND (t0.FLOORIDENTIFIER = t1.FLOORIDENTIFIER)))
	bind => [43]
[EL Fine]: sql: 2022-05-23 23:50:06.865--ServerSession(368342628)--Connection(802771878)--SELECT CARPARKID, ADDRESS, NAME, PRICEPERHOUR FROM CAR_PARK
[EL Fine]: sql: 2022-05-23 23:50:06.877--ClientSession(715289224)--Connection(802771878)--INSERT INTO CAR_PARK (CARPARKID, ADDRESS, NAME, PRICEPERHOUR) VALUES (?, ?, ?, ?)
	bind => [48, testtest, test7, 12]
[EL Fine]: sql: 2022-05-23 23:50:06.905--ServerSession(368342628)--Connection(802771878)--SELECT FLOORIDENTIFIER, CARPARKID FROM CAR_PARK_FLOOR
[EL Fine]: sql: 2022-05-23 23:50:06.912--ClientSession(1346354118)--Connection(802771878)--INSERT INTO CAR_PARK_FLOOR (FLOORIDENTIFIER, CARPARKID) VALUES (?, ?)
	bind => [Floor1, 48]
[EL Fine]: sql: 2022-05-23 23:50:06.928--ServerSession(368342628)--Connection(802771878)--SELECT FLOORIDENTIFIER, CARPARKID FROM CAR_PARK_FLOOR WHERE ((CARPARKID = ?) AND (FLOORIDENTIFIER = ?))
	bind => [48, Floor1]
[EL Fine]: sql: 2022-05-23 23:50:06.942--ServerSession(368342628)--Connection(802771878)--SELECT t1.PARKINGSPOTID, t1.SPOTIDENTIFIER, t1.FLOORIDENTIFIER, t1.CARPARID FROM CAR_PARK_FLOOR t0, PARKING_SPOT t1 WHERE ((t0.CARPARKID = ?) AND ((t0.CARPARKID = t1.CARPARID) AND (t0.FLOORIDENTIFIER = t1.FLOORIDENTIFIER)))
	bind => [48]
[EL Fine]: sql: 2022-05-23 23:50:06.957--ClientSession(584501954)--Connection(802771878)--INSERT INTO PARKING_SPOT (PARKINGSPOTID, SPOTIDENTIFIER, FLOORIDENTIFIER, CARPARID) VALUES (?, ?, ?, ?)
	bind => [49, 1.1, Floor1, 48]
[EL Fine]: sql: 2022-05-23 23:50:06.994--ClientSession(1956746660)--Connection(802771878)--DELETE FROM PARKING_SPOT WHERE (PARKINGSPOTID = ?)
	bind => [49]
[EL Fine]: sql: 2022-05-23 23:50:07.038--ServerSession(368342628)--Connection(802771878)--SELECT PARKINGSPOTID, SPOTIDENTIFIER, FLOORIDENTIFIER, CARPARID FROM PARKING_SPOT WHERE (PARKINGSPOTID = ?)
	bind => [49]
[EL Fine]: sql: 2022-05-23 23:50:07.485--ServerSession(368342628)--Connection(802771878)--SELECT CARPARKID, ADDRESS, NAME, PRICEPERHOUR FROM CAR_PARK
[EL Fine]: sql: 2022-05-23 23:50:07.524--ClientSession(1515116175)--Connection(802771878)--INSERT INTO CAR_PARK (CARPARKID, ADDRESS, NAME, PRICEPERHOUR) VALUES (?, ?, ?, ?)
	bind => [50, testtest, test7, 12]
[EL Fine]: sql: 2022-05-23 23:50:07.567--ServerSession(368342628)--Connection(802771878)--SELECT FLOORIDENTIFIER, CARPARKID FROM CAR_PARK_FLOOR
[EL Fine]: sql: 2022-05-23 23:50:07.579--ClientSession(334099170)--Connection(802771878)--INSERT INTO CAR_PARK_FLOOR (FLOORIDENTIFIER, CARPARKID) VALUES (?, ?)
	bind => [Floor3-1, 50]
[EL Fine]: sql: 2022-05-23 23:50:07.628--ServerSession(368342628)--Connection(802771878)--SELECT FLOORIDENTIFIER, CARPARKID FROM CAR_PARK_FLOOR WHERE ((CARPARKID = ?) AND (FLOORIDENTIFIER = ?))
	bind => [50, Floor3-1]
[EL Fine]: sql: 2022-05-23 23:50:07.634--ServerSession(368342628)--Connection(802771878)--SELECT t1.PARKINGSPOTID, t1.SPOTIDENTIFIER, t1.FLOORIDENTIFIER, t1.CARPARID FROM CAR_PARK_FLOOR t0, PARKING_SPOT t1 WHERE ((t0.CARPARKID = ?) AND ((t0.CARPARKID = t1.CARPARID) AND (t0.FLOORIDENTIFIER = t1.FLOORIDENTIFIER)))
	bind => [50]
[EL Fine]: sql: 2022-05-23 23:50:07.685--ClientSession(2050320909)--Connection(802771878)--UPDATE SEQUENCE SET SEQ_COUNT = SEQ_COUNT + ? WHERE SEQ_NAME = ?
	bind => [50, SEQ_GEN]
[EL Fine]: sql: 2022-05-23 23:50:07.711--ClientSession(2050320909)--Connection(802771878)--SELECT SEQ_COUNT FROM SEQUENCE WHERE SEQ_NAME = ?
	bind => [SEQ_GEN]
[EL Fine]: sql: 2022-05-23 23:50:07.77--ClientSession(2050320909)--Connection(802771878)--INSERT INTO PARKING_SPOT (PARKINGSPOTID, SPOTIDENTIFIER, FLOORIDENTIFIER, CARPARID) VALUES (?, ?, ?, ?)
	bind => [51, 1.01, Floor3-1, 50]
[EL Fine]: sql: 2022-05-23 23:50:08.33--ServerSession(368342628)--Connection(802771878)--SELECT CARPARKID, ADDRESS, NAME, PRICEPERHOUR FROM CAR_PARK
[EL Fine]: sql: 2022-05-23 23:50:08.333--ClientSession(810262298)--Connection(802771878)--INSERT INTO CAR_PARK (CARPARKID, ADDRESS, NAME, PRICEPERHOUR) VALUES (?, ?, ?, ?)
	bind => [52, testtest, test8, 12]
[EL Fine]: sql: 2022-05-23 23:50:08.34--ServerSession(368342628)--Connection(802771878)--SELECT FLOORIDENTIFIER, CARPARKID FROM CAR_PARK_FLOOR
[EL Fine]: sql: 2022-05-23 23:50:08.344--ClientSession(1458748394)--Connection(802771878)--INSERT INTO CAR_PARK_FLOOR (FLOORIDENTIFIER, CARPARKID) VALUES (?, ?)
	bind => [Floor3-1, 52]
[EL Fine]: sql: 2022-05-23 23:50:08.351--ServerSession(368342628)--Connection(802771878)--SELECT FLOORIDENTIFIER, CARPARKID FROM CAR_PARK_FLOOR WHERE ((CARPARKID = ?) AND (FLOORIDENTIFIER = ?))
	bind => [52, Floor3-1]
[EL Fine]: sql: 2022-05-23 23:50:08.354--ServerSession(368342628)--Connection(802771878)--SELECT t1.PARKINGSPOTID, t1.SPOTIDENTIFIER, t1.FLOORIDENTIFIER, t1.CARPARID FROM CAR_PARK_FLOOR t0, PARKING_SPOT t1 WHERE ((t0.CARPARKID = ?) AND ((t0.CARPARKID = t1.CARPARID) AND (t0.FLOORIDENTIFIER = t1.FLOORIDENTIFIER)))
	bind => [52]
[EL Fine]: sql: 2022-05-23 23:50:08.358--ClientSession(969811954)--Connection(802771878)--INSERT INTO PARKING_SPOT (PARKINGSPOTID, SPOTIDENTIFIER, FLOORIDENTIFIER, CARPARID) VALUES (?, ?, ?, ?)
	bind => [53, 1.01, Floor3-1, 52]
[EL Fine]: sql: 2022-05-23 23:50:08.368--ServerSession(368342628)--Connection(802771878)--SELECT FLOORIDENTIFIER, CARPARKID FROM CAR_PARK_FLOOR WHERE ((CARPARKID = ?) AND (FLOORIDENTIFIER = ?))
	bind => [52, Floor3-1]
[EL Fine]: sql: 2022-05-23 23:50:08.371--ServerSession(368342628)--Connection(802771878)--SELECT t1.PARKINGSPOTID, t1.SPOTIDENTIFIER, t1.FLOORIDENTIFIER, t1.CARPARID FROM CAR_PARK_FLOOR t0, PARKING_SPOT t1 WHERE ((t0.CARPARKID = ?) AND ((t0.CARPARKID = t1.CARPARID) AND (t0.FLOORIDENTIFIER = t1.FLOORIDENTIFIER)))
	bind => [52]
[EL Fine]: sql: 2022-05-23 23:50:08.375--ClientSession(223975178)--Connection(802771878)--INSERT INTO PARKING_SPOT (PARKINGSPOTID, SPOTIDENTIFIER, FLOORIDENTIFIER, CARPARID) VALUES (?, ?, ?, ?)
	bind => [54, 1.02, Floor3-1, 52]
[EL Fine]: sql: 2022-05-23 23:50:08.383--ServerSession(368342628)--Connection(802771878)--SELECT FLOORIDENTIFIER, CARPARKID FROM CAR_PARK_FLOOR
[EL Fine]: sql: 2022-05-23 23:50:08.387--ClientSession(828447060)--Connection(802771878)--INSERT INTO CAR_PARK_FLOOR (FLOORIDENTIFIER, CARPARKID) VALUES (?, ?)
	bind => [Floor3-2, 52]
[EL Fine]: sql: 2022-05-23 23:50:08.394--ServerSession(368342628)--Connection(802771878)--SELECT FLOORIDENTIFIER, CARPARKID FROM CAR_PARK_FLOOR WHERE ((CARPARKID = ?) AND (FLOORIDENTIFIER = ?))
	bind => [52, Floor3-2]
[EL Fine]: sql: 2022-05-23 23:50:08.396--ServerSession(368342628)--Connection(802771878)--SELECT t1.PARKINGSPOTID, t1.SPOTIDENTIFIER, t1.FLOORIDENTIFIER, t1.CARPARID FROM CAR_PARK_FLOOR t0, PARKING_SPOT t1 WHERE ((t0.CARPARKID = ?) AND ((t0.CARPARKID = t1.CARPARID) AND (t0.FLOORIDENTIFIER = t1.FLOORIDENTIFIER)))
	bind => [52]
[EL Fine]: sql: 2022-05-23 23:50:08.4--ClientSession(550572371)--Connection(802771878)--INSERT INTO PARKING_SPOT (PARKINGSPOTID, SPOTIDENTIFIER, FLOORIDENTIFIER, CARPARID) VALUES (?, ?, ?, ?)
	bind => [55, 2.01, Floor3-2, 52]
[EL Fine]: sql: 2022-05-23 23:50:08.408--ServerSession(368342628)--Connection(802771878)--SELECT t1.PARKINGSPOTID, t1.SPOTIDENTIFIER, t1.FLOORIDENTIFIER, t1.CARPARID FROM CAR_PARK_FLOOR t0, PARKING_SPOT t1 WHERE ((t0.CARPARKID = ?) AND ((t0.CARPARKID = t1.CARPARID) AND (t0.FLOORIDENTIFIER = t1.FLOORIDENTIFIER)))
	bind => [52]
[EL Fine]: sql: 2022-05-23 23:50:08.411--ServerSession(368342628)--Connection(802771878)--SELECT t1.PARKINGSPOTID, t1.SPOTIDENTIFIER, t1.FLOORIDENTIFIER, t1.CARPARID FROM CAR_PARK_FLOOR t0, PARKING_SPOT t1 WHERE ((t0.CARPARKID = ?) AND ((t0.CARPARKID = t1.CARPARID) AND (t0.FLOORIDENTIFIER = t1.FLOORIDENTIFIER)))
	bind => [52]
[ERROR] Tests run: 6, Failures: 2, Errors: 0, Skipped: 0, Time elapsed: 13.361 s <<< FAILURE! - in sk.stuba.fei.uim.vsa.pr1c.tests.ParkingSpotTest
[ERROR] SPOT03_getAllParkingSpotsForCarParkWithoutType  Time elapsed: 0.85 s  <<< FAILURE!
org.opentest4j.AssertionFailedError: expected: <2> but was: <0>
	at sk.stuba.fei.uim.vsa.pr1c.tests.ParkingSpotTest.SPOT03_getAllParkingSpotsForCarParkWithoutType(ParkingSpotTest.java:197)

[ERROR] SPOT01_getAllParkingSlotsWithoutType  Time elapsed: 0.608 s  <<< FAILURE!
org.opentest4j.AssertionFailedError: expected: <2> but was: <0>
	at sk.stuba.fei.uim.vsa.pr1c.tests.ParkingSpotTest.SPOT01_getAllParkingSlotsWithoutType(ParkingSpotTest.java:83)

[INFO] Running sk.stuba.fei.uim.vsa.pr1c.tests.ReservationTest
car park class: sk.stuba.fei.uim.vsa.pr1c.service.CarParkService
[EL Fine]: sql: 2022-05-23 23:50:08.873--ServerSession(368342628)--Connection(802771878)--SELECT CARPARKID, ADDRESS, NAME, PRICEPERHOUR FROM CAR_PARK
[EL Fine]: sql: 2022-05-23 23:50:08.882--ClientSession(1884422865)--Connection(802771878)--INSERT INTO CAR_PARK (CARPARKID, ADDRESS, NAME, PRICEPERHOUR) VALUES (?, ?, ?, ?)
	bind => [56, testtest, test8, 12]
[EL Fine]: sql: 2022-05-23 23:50:08.9--ServerSession(368342628)--Connection(802771878)--SELECT FLOORIDENTIFIER, CARPARKID FROM CAR_PARK_FLOOR
[EL Fine]: sql: 2022-05-23 23:50:08.916--ClientSession(1655242052)--Connection(802771878)--INSERT INTO CAR_PARK_FLOOR (FLOORIDENTIFIER, CARPARKID) VALUES (?, ?)
	bind => [Floor3-1, 56]
[EL Fine]: sql: 2022-05-23 23:50:08.963--ServerSession(368342628)--Connection(802771878)--SELECT FLOORIDENTIFIER, CARPARKID FROM CAR_PARK_FLOOR WHERE ((CARPARKID = ?) AND (FLOORIDENTIFIER = ?))
	bind => [56, Floor3-1]
[EL Fine]: sql: 2022-05-23 23:50:08.967--ServerSession(368342628)--Connection(802771878)--SELECT t1.PARKINGSPOTID, t1.SPOTIDENTIFIER, t1.FLOORIDENTIFIER, t1.CARPARID FROM CAR_PARK_FLOOR t0, PARKING_SPOT t1 WHERE ((t0.CARPARKID = ?) AND ((t0.CARPARKID = t1.CARPARID) AND (t0.FLOORIDENTIFIER = t1.FLOORIDENTIFIER)))
	bind => [56]
[EL Fine]: sql: 2022-05-23 23:50:08.977--ClientSession(817490653)--Connection(802771878)--INSERT INTO PARKING_SPOT (PARKINGSPOTID, SPOTIDENTIFIER, FLOORIDENTIFIER, CARPARID) VALUES (?, ?, ?, ?)
	bind => [57, 1.01, Floor3-1, 56]
[EL Fine]: sql: 2022-05-23 23:50:08.998--ServerSession(368342628)--Connection(802771878)--SELECT USERID, EMAIL, FIRSTNAME, LASTNAME FROM USER
[EL Fine]: sql: 2022-05-23 23:50:09.007--ClientSession(793319856)--Connection(802771878)--INSERT INTO USER (USERID, EMAIL, FIRSTNAME, LASTNAME) VALUES (?, ?, ?, ?)
	bind => [58, jozko.mrkvicka@example.com, Jožko, Mrkvièka]
[EL Fine]: sql: 2022-05-23 23:50:09.019--ServerSession(368342628)--Connection(802771878)--SELECT CARID, BRAND, COLOR, MODEL, VEHICLEREGISTRATIONPLATE, USERID FROM CAR
[EL Fine]: sql: 2022-05-23 23:50:09.024--ClientSession(1373861264)--Connection(802771878)--INSERT INTO CAR (CARID, BRAND, COLOR, MODEL, VEHICLEREGISTRATIONPLATE, USERID) VALUES (?, ?, ?, ?, ?, ?)
	bind => [59, Audi, black, A7, BL798XX, 58]
[EL Fine]: sql: 2022-05-23 23:50:09.039--ClientSession(1853422837)--Connection(802771878)--INSERT INTO RESERVATION (RESERVATIONID, ENDDATE, PRICE, STARTDATE, CARID, PARKINGSPOTID) VALUES (?, ?, ?, ?, ?, ?)
	bind => [60, null, null, 2022-05-23 23:50:09.035, 59, 57]
[EL Fine]: sql: 2022-05-23 23:50:09.474--ServerSession(368342628)--Connection(802771878)--SELECT CARPARKID, ADDRESS, NAME, PRICEPERHOUR FROM CAR_PARK
[EL Fine]: sql: 2022-05-23 23:50:09.485--ClientSession(1128158063)--Connection(802771878)--INSERT INTO CAR_PARK (CARPARKID, ADDRESS, NAME, PRICEPERHOUR) VALUES (?, ?, ?, ?)
	bind => [61, testtest, test8, 12]
[EL Fine]: sql: 2022-05-23 23:50:09.496--ServerSession(368342628)--Connection(802771878)--SELECT FLOORIDENTIFIER, CARPARKID FROM CAR_PARK_FLOOR
[EL Fine]: sql: 2022-05-23 23:50:09.501--ClientSession(1098568947)--Connection(802771878)--INSERT INTO CAR_PARK_FLOOR (FLOORIDENTIFIER, CARPARKID) VALUES (?, ?)
	bind => [Floor3-1, 61]
[EL Fine]: sql: 2022-05-23 23:50:09.51--ServerSession(368342628)--Connection(802771878)--SELECT FLOORIDENTIFIER, CARPARKID FROM CAR_PARK_FLOOR WHERE ((CARPARKID = ?) AND (FLOORIDENTIFIER = ?))
	bind => [61, Floor3-1]
[EL Fine]: sql: 2022-05-23 23:50:09.52--ServerSession(368342628)--Connection(802771878)--SELECT t1.PARKINGSPOTID, t1.SPOTIDENTIFIER, t1.FLOORIDENTIFIER, t1.CARPARID FROM CAR_PARK_FLOOR t0, PARKING_SPOT t1 WHERE ((t0.CARPARKID = ?) AND ((t0.CARPARKID = t1.CARPARID) AND (t0.FLOORIDENTIFIER = t1.FLOORIDENTIFIER)))
	bind => [61]
[EL Fine]: sql: 2022-05-23 23:50:09.536--ClientSession(13692003)--Connection(802771878)--INSERT INTO PARKING_SPOT (PARKINGSPOTID, SPOTIDENTIFIER, FLOORIDENTIFIER, CARPARID) VALUES (?, ?, ?, ?)
	bind => [62, 1.01, Floor3-1, 61]
[EL Fine]: sql: 2022-05-23 23:50:09.591--ServerSession(368342628)--Connection(802771878)--SELECT USERID, EMAIL, FIRSTNAME, LASTNAME FROM USER
[EL Fine]: sql: 2022-05-23 23:50:09.604--ClientSession(1970377948)--Connection(802771878)--INSERT INTO USER (USERID, EMAIL, FIRSTNAME, LASTNAME) VALUES (?, ?, ?, ?)
	bind => [63, jozko.mrkvicka@example.com, Jožko, Mrkvièka]
[EL Fine]: sql: 2022-05-23 23:50:09.627--ServerSession(368342628)--Connection(802771878)--SELECT CARID, BRAND, COLOR, MODEL, VEHICLEREGISTRATIONPLATE, USERID FROM CAR
[EL Fine]: sql: 2022-05-23 23:50:09.64--ClientSession(594916129)--Connection(802771878)--INSERT INTO CAR (CARID, BRAND, COLOR, MODEL, VEHICLEREGISTRATIONPLATE, USERID) VALUES (?, ?, ?, ?, ?, ?)
	bind => [64, Audi, black, A7, BL798XX, 63]
[EL Fine]: sql: 2022-05-23 23:50:09.675--ClientSession(1225353990)--Connection(802771878)--INSERT INTO RESERVATION (RESERVATIONID, ENDDATE, PRICE, STARTDATE, CARID, PARKINGSPOTID) VALUES (?, ?, ?, ?, ?, ?)
	bind => [65, null, null, 2022-05-23 23:50:09.669, 64, 62]
[EL Fine]: sql: 2022-05-23 23:50:09.739--ServerSession(368342628)--Connection(802771878)--SELECT t1.RESERVATIONID, t1.ENDDATE, t1.PRICE, t1.STARTDATE, t1.CARID, t1.PARKINGSPOTID FROM CAR t0, RESERVATION t1 WHERE ((t0.USERID = ?) AND (t0.CARID = t1.CARID))
	bind => [63]
[EL Fine]: sql: 2022-05-23 23:50:11.513--ServerSession(368342628)--Connection(802771878)--SELECT CARPARKID, ADDRESS, NAME, PRICEPERHOUR FROM CAR_PARK
[EL Fine]: sql: 2022-05-23 23:50:11.542--ClientSession(1626529981)--Connection(802771878)--INSERT INTO CAR_PARK (CARPARKID, ADDRESS, NAME, PRICEPERHOUR) VALUES (?, ?, ?, ?)
	bind => [66, testtest, test8, 12]
[EL Fine]: sql: 2022-05-23 23:50:11.599--ServerSession(368342628)--Connection(802771878)--SELECT FLOORIDENTIFIER, CARPARKID FROM CAR_PARK_FLOOR
[EL Fine]: sql: 2022-05-23 23:50:11.633--ClientSession(1857007886)--Connection(802771878)--INSERT INTO CAR_PARK_FLOOR (FLOORIDENTIFIER, CARPARKID) VALUES (?, ?)
	bind => [Floor3-1, 66]
[EL Fine]: sql: 2022-05-23 23:50:11.659--ServerSession(368342628)--Connection(802771878)--SELECT FLOORIDENTIFIER, CARPARKID FROM CAR_PARK_FLOOR WHERE ((CARPARKID = ?) AND (FLOORIDENTIFIER = ?))
	bind => [66, Floor3-1]
[EL Fine]: sql: 2022-05-23 23:50:11.667--ServerSession(368342628)--Connection(802771878)--SELECT t1.PARKINGSPOTID, t1.SPOTIDENTIFIER, t1.FLOORIDENTIFIER, t1.CARPARID FROM CAR_PARK_FLOOR t0, PARKING_SPOT t1 WHERE ((t0.CARPARKID = ?) AND ((t0.CARPARKID = t1.CARPARID) AND (t0.FLOORIDENTIFIER = t1.FLOORIDENTIFIER)))
	bind => [66]
[EL Fine]: sql: 2022-05-23 23:50:11.678--ClientSession(208184824)--Connection(802771878)--INSERT INTO PARKING_SPOT (PARKINGSPOTID, SPOTIDENTIFIER, FLOORIDENTIFIER, CARPARID) VALUES (?, ?, ?, ?)
	bind => [67, 1.01, Floor3-1, 66]
[EL Fine]: sql: 2022-05-23 23:50:11.716--ServerSession(368342628)--Connection(802771878)--SELECT USERID, EMAIL, FIRSTNAME, LASTNAME FROM USER
[EL Fine]: sql: 2022-05-23 23:50:11.738--ClientSession(1052127672)--Connection(802771878)--INSERT INTO USER (USERID, EMAIL, FIRSTNAME, LASTNAME) VALUES (?, ?, ?, ?)
	bind => [68, jozko.mrkvicka@example.com, Jožko, Mrkvièka]
[EL Fine]: sql: 2022-05-23 23:50:11.778--ServerSession(368342628)--Connection(802771878)--SELECT CARID, BRAND, COLOR, MODEL, VEHICLEREGISTRATIONPLATE, USERID FROM CAR
[EL Fine]: sql: 2022-05-23 23:50:11.789--ClientSession(1692523793)--Connection(802771878)--INSERT INTO CAR (CARID, BRAND, COLOR, MODEL, VEHICLEREGISTRATIONPLATE, USERID) VALUES (?, ?, ?, ?, ?, ?)
	bind => [69, Audi, black, A7, BL798XX, 68]
[EL Fine]: sql: 2022-05-23 23:50:11.827--ClientSession(1418851979)--Connection(802771878)--INSERT INTO RESERVATION (RESERVATIONID, ENDDATE, PRICE, STARTDATE, CARID, PARKINGSPOTID) VALUES (?, ?, ?, ?, ?, ?)
	bind => [70, null, null, 2022-05-23 23:50:11.824, 69, 67]
[TEST LOG] 2022-05-23 : Waiting for simulating parking clock
[EL Fine]: sql: 2022-05-23 23:50:14.865--ServerSession(368342628)--Connection(802771878)--SELECT ID, DATE, NAME FROM HOLIDAY
Seconds are 180
[EL Fine]: sql: 2022-05-23 23:50:14.94--ServerSession(368342628)--Connection(802771878)--SELECT t0.PRICEPERHOUR FROM RESERVATION t3, PARKING_SPOT t2, CAR_PARK_FLOOR t1, CAR_PARK t0 WHERE (t3.RESERVATIONID IN (SELECT t4.RESERVATIONID FROM RESERVATION t4 WHERE (t4.RESERVATIONID = ?)) AND (((t3.PARKINGSPOTID = t2.PARKINGSPOTID) AND ((t1.CARPARKID = t2.CARPARID) AND (t1.FLOORIDENTIFIER = t2.FLOORIDENTIFIER))) AND (t0.CARPARKID = t1.CARPARKID)))
	bind => [70]
[EL Fine]: sql: 2022-05-23 23:50:14.983--ClientSession(1775120226)--Connection(802771878)--UPDATE RESERVATION SET ENDDATE = ?, PRICE = ? WHERE (RESERVATIONID = ?)
	bind => [2022-05-23 23:50:14.977, 12.0, 70]
[EL Fine]: sql: 2022-05-23 23:50:15.436--ServerSession(368342628)--Connection(802771878)--SELECT CARPARKID, ADDRESS, NAME, PRICEPERHOUR FROM CAR_PARK
[EL Fine]: sql: 2022-05-23 23:50:15.443--ClientSession(129371198)--Connection(802771878)--INSERT INTO CAR_PARK (CARPARKID, ADDRESS, NAME, PRICEPERHOUR) VALUES (?, ?, ?, ?)
	bind => [71, testtest, test8, 12]
[EL Fine]: sql: 2022-05-23 23:50:15.463--ServerSession(368342628)--Connection(802771878)--SELECT FLOORIDENTIFIER, CARPARKID FROM CAR_PARK_FLOOR
[EL Fine]: sql: 2022-05-23 23:50:15.476--ClientSession(1832284192)--Connection(802771878)--INSERT INTO CAR_PARK_FLOOR (FLOORIDENTIFIER, CARPARKID) VALUES (?, ?)
	bind => [Floor3-1, 71]
[EL Fine]: sql: 2022-05-23 23:50:15.494--ServerSession(368342628)--Connection(802771878)--SELECT FLOORIDENTIFIER, CARPARKID FROM CAR_PARK_FLOOR WHERE ((CARPARKID = ?) AND (FLOORIDENTIFIER = ?))
	bind => [71, Floor3-1]
[EL Fine]: sql: 2022-05-23 23:50:15.498--ServerSession(368342628)--Connection(802771878)--SELECT t1.PARKINGSPOTID, t1.SPOTIDENTIFIER, t1.FLOORIDENTIFIER, t1.CARPARID FROM CAR_PARK_FLOOR t0, PARKING_SPOT t1 WHERE ((t0.CARPARKID = ?) AND ((t0.CARPARKID = t1.CARPARID) AND (t0.FLOORIDENTIFIER = t1.FLOORIDENTIFIER)))
	bind => [71]
[EL Fine]: sql: 2022-05-23 23:50:15.505--ClientSession(205496410)--Connection(802771878)--INSERT INTO PARKING_SPOT (PARKINGSPOTID, SPOTIDENTIFIER, FLOORIDENTIFIER, CARPARID) VALUES (?, ?, ?, ?)
	bind => [72, 1.01, Floor3-1, 71]
[EL Fine]: sql: 2022-05-23 23:50:15.516--ServerSession(368342628)--Connection(802771878)--SELECT USERID, EMAIL, FIRSTNAME, LASTNAME FROM USER
[EL Fine]: sql: 2022-05-23 23:50:15.521--ClientSession(397309480)--Connection(802771878)--INSERT INTO USER (USERID, EMAIL, FIRSTNAME, LASTNAME) VALUES (?, ?, ?, ?)
	bind => [73, jozko.mrkvicka@example.com, Jožko, Mrkvièka]
[EL Fine]: sql: 2022-05-23 23:50:15.532--ServerSession(368342628)--Connection(802771878)--SELECT CARID, BRAND, COLOR, MODEL, VEHICLEREGISTRATIONPLATE, USERID FROM CAR
[EL Fine]: sql: 2022-05-23 23:50:15.538--ClientSession(1412564235)--Connection(802771878)--INSERT INTO CAR (CARID, BRAND, COLOR, MODEL, VEHICLEREGISTRATIONPLATE, USERID) VALUES (?, ?, ?, ?, ?, ?)
	bind => [74, Audi, black, A7, BL798XX, 73]
[EL Fine]: sql: 2022-05-23 23:50:15.569--ClientSession(118881143)--Connection(802771878)--INSERT INTO RESERVATION (RESERVATIONID, ENDDATE, PRICE, STARTDATE, CARID, PARKINGSPOTID) VALUES (?, ?, ?, ?, ?, ?)
	bind => [75, null, null, 2022-05-23 23:50:15.561, 74, 72]
[ERROR] Tests run: 4, Failures: 1, Errors: 0, Skipped: 0, Time elapsed: 7.187 s <<< FAILURE! - in sk.stuba.fei.uim.vsa.pr1c.tests.ReservationTest
[ERROR] RES03_shouldCreateAndGetReservations  Time elapsed: 0.491 s  <<< FAILURE!
org.opentest4j.AssertionFailedError: expected: <60> but was: <null>
	at sk.stuba.fei.uim.vsa.pr1c.tests.ReservationTest.RES03_shouldCreateAndGetReservations(ReservationTest.java:192)

[INFO] Running sk.stuba.fei.uim.vsa.pr1c.tests.UserTest
car park class: sk.stuba.fei.uim.vsa.pr1c.service.CarParkService
[EL Fine]: sql: 2022-05-23 23:50:16.268--ServerSession(368342628)--Connection(802771878)--SELECT USERID, EMAIL, FIRSTNAME, LASTNAME FROM USER
[EL Fine]: sql: 2022-05-23 23:50:16.272--ClientSession(2082545616)--Connection(802771878)--INSERT INTO USER (USERID, EMAIL, FIRSTNAME, LASTNAME) VALUES (?, ?, ?, ?)
	bind => [76, jozko.mrkvicka@example.com, Jožko, Mrkvièka]
[EL Fine]: sql: 2022-05-23 23:50:16.286--ServerSession(368342628)--Connection(802771878)--SELECT USERID, EMAIL, FIRSTNAME, LASTNAME FROM USER WHERE (EMAIL = ?)
	bind => [jozko.mrkvicka@example.com]
[EL Fine]: sql: 2022-05-23 23:50:17.359--ServerSession(368342628)--Connection(802771878)--SELECT USERID, EMAIL, FIRSTNAME, LASTNAME FROM USER
[EL Fine]: sql: 2022-05-23 23:50:17.378--ClientSession(425275537)--Connection(802771878)--INSERT INTO USER (USERID, EMAIL, FIRSTNAME, LASTNAME) VALUES (?, ?, ?, ?)
	bind => [77, jozko.mrkvicka@example.com, Jožko, Mrkvièka]
[EL Fine]: sql: 2022-05-23 23:50:18.872--ServerSession(368342628)--Connection(802771878)--SELECT USERID, EMAIL, FIRSTNAME, LASTNAME FROM USER
[EL Fine]: sql: 2022-05-23 23:50:18.881--ClientSession(761680655)--Connection(802771878)--INSERT INTO USER (USERID, EMAIL, FIRSTNAME, LASTNAME) VALUES (?, ?, ?, ?)
	bind => [78, jozko.mrkvicka@example.com, Jožko, Mrkvièka]
[EL Fine]: sql: 2022-05-23 23:50:22.489--ServerSession(368342628)--Connection(802771878)--SELECT USERID, EMAIL, FIRSTNAME, LASTNAME FROM USER
[EL Fine]: sql: 2022-05-23 23:50:22.508--ClientSession(1386440976)--Connection(802771878)--INSERT INTO USER (USERID, EMAIL, FIRSTNAME, LASTNAME) VALUES (?, ?, ?, ?)
	bind => [79, jozko.mrkvicka@example.com, Jožko, Mrkvièka]
[EL Fine]: sql: 2022-05-23 23:50:22.527--ServerSession(368342628)--Connection(802771878)--SELECT t1.CARID, t1.BRAND, t1.COLOR, t1.MODEL, t1.VEHICLEREGISTRATIONPLATE, t1.USERID FROM RESERVATION t0, CAR t1 WHERE (t0.RESERVATIONID IN (SELECT t2.RESERVATIONID FROM CAR t3, RESERVATION t2 WHERE ((t3.USERID = ?) AND (t3.CARID = t2.CARID))) AND (t0.CARID = t1.CARID))
	bind => [79]
[EL Fine]: sql: 2022-05-23 23:50:22.541--ServerSession(368342628)--Connection(802771878)--SELECT t1.RESERVATIONID, t1.ENDDATE, t1.PRICE, t1.STARTDATE, t1.CARID, t1.PARKINGSPOTID FROM CAR t0, RESERVATION t1 WHERE ((t0.USERID = ?) AND (t0.CARID = t1.CARID))
	bind => [79]
[EL Fine]: sql: 2022-05-23 23:50:22.547--ClientSession(1602530280)--Connection(802771878)--CREATE TEMPORARY TABLE IF NOT EXISTS TL_RESERVATION (RESERVATIONID BIGINT NOT NULL, ENDDATE DATETIME, PRICE DOUBLE, STARTDATE DATETIME, CARID BIGINT, PARKINGSPOTID BIGINT, PRIMARY KEY (RESERVATIONID))
[EL Fine]: sql: 2022-05-23 23:50:22.566--ClientSession(1602530280)--Connection(802771878)--INSERT INTO TL_RESERVATION (RESERVATIONID, CARID) SELECT t1.RESERVATIONID, ? FROM CAR t0, RESERVATION t1 WHERE ((t0.USERID = ?) AND (t0.CARID = t1.CARID))
	bind => [null, 79]
[EL Fine]: sql: 2022-05-23 23:50:22.569--ClientSession(1602530280)--Connection(802771878)--UPDATE RESERVATION, TL_RESERVATION SET RESERVATION.CARID = TL_RESERVATION.CARID WHERE RESERVATION.RESERVATIONID = TL_RESERVATION.RESERVATIONID
[EL Fine]: sql: 2022-05-23 23:50:22.57--ClientSession(1602530280)--Connection(802771878)--DELETE FROM TL_RESERVATION
[EL Fine]: sql: 2022-05-23 23:50:22.572--ClientSession(1602530280)--Connection(802771878)--SELECT USERID FROM USER WHERE (USERID = ?)
	bind => [79]
[EL Fine]: sql: 2022-05-23 23:50:22.575--ClientSession(1602530280)--Connection(802771878)--DELETE FROM USER WHERE (USERID = ?)
	bind => [79]
[EL Fine]: sql: 2022-05-23 23:50:22.587--ServerSession(368342628)--Connection(802771878)--SELECT USERID, EMAIL, FIRSTNAME, LASTNAME FROM USER WHERE (EMAIL = ?)
	bind => [jozko.mrkvicka@example.com]
[EL Fine]: sql: 2022-05-23 23:50:22.842--ServerSession(368342628)--Connection(802771878)--SELECT USERID, EMAIL, FIRSTNAME, LASTNAME FROM USER
[EL Fine]: sql: 2022-05-23 23:50:22.846--ClientSession(1500697171)--Connection(802771878)--INSERT INTO USER (USERID, EMAIL, FIRSTNAME, LASTNAME) VALUES (?, ?, ?, ?)
	bind => [80, jozko.mrkvicka@example.com, Jožko, Mrkvièka]
[EL Fine]: sql: 2022-05-23 23:50:22.852--ServerSession(368342628)--Connection(802771878)--SELECT USERID, EMAIL, FIRSTNAME, LASTNAME FROM USER
[INFO] Tests run: 5, Failures: 0, Errors: 0, Skipped: 0, Time elapsed: 7.221 s - in sk.stuba.fei.uim.vsa.pr1c.tests.UserTest
[INFO] 
[INFO] Results:
[INFO] 
[ERROR] Failures: 
[ERROR]   ParkingSpotAndReservationWithoutTypeTest.SPOT_RES_01_getAvailableSpotsTest:69 expected: <2> but was: <1>
[ERROR]   ParkingSpotAndReservationWithoutTypeTest.SPOT_RES_02_getOccupiedParkingSpotsWithoutTypeTest:398 expected: not <null>
[ERROR]   ParkingSpotTest.SPOT01_getAllParkingSlotsWithoutType:83 expected: <2> but was: <0>
[ERROR]   ParkingSpotTest.SPOT03_getAllParkingSpotsForCarParkWithoutType:197 expected: <2> but was: <0>
[ERROR]   ReservationTest.RES03_shouldCreateAndGetReservations:192 expected: <60> but was: <null>
[INFO] 
[ERROR] Tests run: 32, Failures: 5, Errors: 0, Skipped: 3
[INFO] 
[INFO] ------------------------------------------------------------------------
[INFO] BUILD FAILURE
[INFO] ------------------------------------------------------------------------
[INFO] Total time:  01:08 min
[INFO] Finished at: 2022-05-23T23:50:23+02:00
[INFO] ------------------------------------------------------------------------
[ERROR] Failed to execute goal org.apache.maven.plugins:maven-surefire-plugin:2.22.2:test (default-test) on project b-vsa-ls22-project1-C: There are test failures.
[ERROR] 
[ERROR] Please refer to C:\Users\mlado\Documents\Projects\School\VSA\LS 21-22\opravovanie\zadanie1\skupiny\skupinaC\samady22\target\surefire-reports for the individual test results.
[ERROR] Please refer to dump files (if any exist) [date].dump, [date]-jvmRun[N].dump and [date].dumpstream.
[ERROR] -> [Help 1]
[ERROR] 
[ERROR] To see the full stack trace of the errors, re-run Maven with the -e switch.
[ERROR] Re-run Maven using the -X switch to enable full debug logging.
[ERROR] 
[ERROR] For more information about the errors and possible solutions, please read the following articles:
[ERROR] [Help 1] http://cwiki.apache.org/confluence/display/MAVEN/MojoFailureException
